{"meta": {"format": 3, "version": "7.12.0", "timestamp": "2025-11-23T02:48:50.652760", "branch_coverage": false, "show_contexts": false}, "files": {"source/__init__.py": {"executed_lines": [0], "summary": {"covered_lines": 0, "num_statements": 0, "percent_covered": 100.0, "percent_covered_display": "100", "missing_lines": 0, "excluded_lines": 0, "percent_statements_covered": 100.0, "percent_statements_covered_display": "100"}, "missing_lines": [], "excluded_lines": [], "functions": {"": {"executed_lines": [], "summary": {"covered_lines": 0, "num_statements": 0, "percent_covered": 100.0, "percent_covered_display": "100", "missing_lines": 0, "excluded_lines": 0, "percent_statements_covered": 100.0, "percent_statements_covered_display": "100"}, "missing_lines": [], "excluded_lines": []}}, "classes": {"": {"executed_lines": [], "summary": {"covered_lines": 0, "num_statements": 0, "percent_covered": 100.0, "percent_covered_display": "100", "missing_lines": 0, "excluded_lines": 0, "percent_statements_covered": 100.0, "percent_statements_covered_display": "100"}, "missing_lines": [], "excluded_lines": []}}}, "source/collectors/__init__.py": {"executed_lines": [], "summary": {"covered_lines": 0, "num_statements": 1, "percent_covered": 0.0, "percent_covered_display": "0", "missing_lines": 1, "excluded_lines": 0, "percent_statements_covered": 0.0, "percent_statements_covered_display": "0"}, "missing_lines": [12], "excluded_lines": [], "functions": {"": {"executed_lines": [], "summary": {"covered_lines": 0, "num_statements": 1, "percent_covered": 0.0, "percent_covered_display": "0", "missing_lines": 1, "excluded_lines": 0, "percent_statements_covered": 0.0, "percent_statements_covered_display": "0"}, "missing_lines": [12], "excluded_lines": []}}, "classes": {"": {"executed_lines": [], "summary": {"covered_lines": 0, "num_statements": 1, "percent_covered": 0.0, "percent_covered_display": "0", "missing_lines": 1, "excluded_lines": 0, "percent_statements_covered": 0.0, "percent_statements_covered_display": "0"}, "missing_lines": [12], "excluded_lines": []}}}, "source/collectors/amazon_auth.py": {"executed_lines": [], "summary": {"covered_lines": 0, "num_statements": 158, "percent_covered": 0.0, "percent_covered_display": "0", "missing_lines": 158, "excluded_lines": 0, "percent_statements_covered": 0.0, "percent_statements_covered_display": "0"}, "missing_lines": [9, 10, 11, 12, 13, 16, 27, 36, 37, 38, 39, 41, 51, 52, 53, 55, 56, 57, 58, 61, 62, 63, 64, 66, 67, 68, 69, 71, 73, 74, 75, 77, 78, 79, 80, 81, 85, 86, 88, 89, 90, 91, 92, 94, 95, 96, 97, 98, 101, 102, 103, 104, 107, 109, 110, 111, 112, 115, 116, 117, 118, 119, 121, 122, 124, 125, 126, 127, 129, 139, 140, 141, 142, 144, 146, 147, 148, 149, 152, 153, 155, 158, 159, 161, 162, 163, 165, 166, 167, 168, 171, 182, 183, 185, 186, 188, 191, 202, 203, 205, 207, 209, 212, 222, 224, 225, 226, 229, 230, 232, 233, 236, 237, 238, 241, 242, 244, 246, 249, 260, 261, 264, 265, 266, 267, 268, 271, 272, 273, 274, 276, 278, 279, 282, 286, 287, 289, 290, 291, 293, 295, 296, 297, 298, 299, 300, 301, 302, 303, 304, 306, 308, 309, 310, 311, 312, 314, 315], "excluded_lines": [], "functions": {"AmazonCookieCapture.__init__": {"executed_lines": [], "summary": {"covered_lines": 0, "num_statements": 4, "percent_covered": 0.0, "percent_covered_display": "0", "missing_lines": 4, "excluded_lines": 0, "percent_statements_covered": 0.0, "percent_statements_covered_display": "0"}, "missing_lines": [36, 37, 38, 39], "excluded_lines": []}, "AmazonCookieCapture.capture_cookies": {"executed_lines": [], "summary": {"covered_lines": 0, "num_statements": 56, "percent_covered": 0.0, "percent_covered_display": "0", "missing_lines": 56, "excluded_lines": 0, "percent_statements_covered": 0.0, "percent_statements_covered_display": "0"}, "missing_lines": [51, 52, 53, 55, 56, 57, 58, 61, 62, 63, 64, 66, 67, 68, 69, 71, 73, 74, 75, 77, 78, 79, 80, 81, 85, 86, 88, 89, 90, 91, 92, 94, 95, 96, 97, 98, 101, 102, 103, 104, 107, 109, 110, 111, 112, 115, 116, 117, 118, 119, 121, 122, 124, 125, 126, 127], "excluded_lines": []}, "AmazonCookieCapture.save_to_secrets": {"executed_lines": [], "summary": {"covered_lines": 0, "num_statements": 21, "percent_covered": 0.0, "percent_covered_display": "0", "missing_lines": 21, "excluded_lines": 0, "percent_statements_covered": 0.0, "percent_statements_covered_display": "0"}, "missing_lines": [139, 140, 141, 142, 144, 146, 147, 148, 149, 152, 153, 155, 158, 159, 161, 162, 163, 165, 166, 167, 168], "excluded_lines": []}, "capture_amazon_cookies": {"executed_lines": [], "summary": {"covered_lines": 0, "num_statements": 5, "percent_covered": 0.0, "percent_covered_display": "0", "missing_lines": 5, "excluded_lines": 0, "percent_statements_covered": 0.0, "percent_statements_covered_display": "0"}, "missing_lines": [182, 183, 185, 186, 188], "excluded_lines": []}, "run_amazon_login": {"executed_lines": [], "summary": {"covered_lines": 0, "num_statements": 5, "percent_covered": 0.0, "percent_covered_display": "0", "missing_lines": 5, "excluded_lines": 0, "percent_statements_covered": 0.0, "percent_statements_covered_display": "0"}, "missing_lines": [202, 203, 205, 207, 209], "excluded_lines": []}, "validate_amazon_cookies": {"executed_lines": [], "summary": {"covered_lines": 0, "num_statements": 15, "percent_covered": 0.0, "percent_covered_display": "0", "missing_lines": 15, "excluded_lines": 0, "percent_statements_covered": 0.0, "percent_statements_covered_display": "0"}, "missing_lines": [222, 224, 225, 226, 229, 230, 232, 233, 236, 237, 238, 241, 242, 244, 246], "excluded_lines": []}, "check_cookie_expiration": {"executed_lines": [], "summary": {"covered_lines": 0, "num_statements": 15, "percent_covered": 0.0, "percent_covered_display": "0", "missing_lines": 15, "excluded_lines": 0, "percent_statements_covered": 0.0, "percent_statements_covered_display": "0"}, "missing_lines": [260, 261, 264, 265, 266, 267, 268, 271, 272, 273, 274, 276, 278, 279, 282], "excluded_lines": []}, "": {"executed_lines": [], "summary": {"covered_lines": 0, "num_statements": 37, "percent_covered": 0.0, "percent_covered_display": "0", "missing_lines": 37, "excluded_lines": 0, "percent_statements_covered": 0.0, "percent_statements_covered_display": "0"}, "missing_lines": [9, 10, 11, 12, 13, 16, 27, 41, 129, 171, 191, 212, 249, 286, 287, 289, 290, 291, 293, 295, 296, 297, 298, 299, 300, 301, 302, 303, 304, 306, 308, 309, 310, 311, 312, 314, 315], "excluded_lines": []}}, "classes": {"AmazonCookieCapture": {"executed_lines": [], "summary": {"covered_lines": 0, "num_statements": 81, "percent_covered": 0.0, "percent_covered_display": "0", "missing_lines": 81, "excluded_lines": 0, "percent_statements_covered": 0.0, "percent_statements_covered_display": "0"}, "missing_lines": [36, 37, 38, 39, 51, 52, 53, 55, 56, 57, 58, 61, 62, 63, 64, 66, 67, 68, 69, 71, 73, 74, 75, 77, 78, 79, 80, 81, 85, 86, 88, 89, 90, 91, 92, 94, 95, 96, 97, 98, 101, 102, 103, 104, 107, 109, 110, 111, 112, 115, 116, 117, 118, 119, 121, 122, 124, 125, 126, 127, 139, 140, 141, 142, 144, 146, 147, 148, 149, 152, 153, 155, 158, 159, 161, 162, 163, 165, 166, 167, 168], "excluded_lines": []}, "": {"executed_lines": [], "summary": {"covered_lines": 0, "num_statements": 77, "percent_covered": 0.0, "percent_covered_display": "0", "missing_lines": 77, "excluded_lines": 0, "percent_statements_covered": 0.0, "percent_statements_covered_display": "0"}, "missing_lines": [9, 10, 11, 12, 13, 16, 27, 41, 129, 171, 182, 183, 185, 186, 188, 191, 202, 203, 205, 207, 209, 212, 222, 224, 225, 226, 229, 230, 232, 233, 236, 237, 238, 241, 242, 244, 246, 249, 260, 261, 264, 265, 266, 267, 268, 271, 272, 273, 274, 276, 278, 279, 282, 286, 287, 289, 290, 291, 293, 295, 296, 297, 298, 299, 300, 301, 302, 303, 304, 306, 308, 309, 310, 311, 312, 314, 315], "excluded_lines": []}}}, "source/collectors/amazon_unified_collector.py": {"executed_lines": [], "summary": {"covered_lines": 0, "num_statements": 466, "percent_covered": 0.0, "percent_covered_display": "0", "missing_lines": 466, "excluded_lines": 0, "percent_statements_covered": 0.0, "percent_statements_covered_display": "0"}, "missing_lines": [18, 19, 20, 21, 22, 23, 24, 25, 28, 46, 55, 56, 57, 60, 61, 62, 63, 66, 67, 68, 70, 71, 72, 75, 78, 87, 89, 90, 92, 106, 107, 108, 109, 112, 135, 137, 138, 145, 146, 147, 148, 149, 151, 152, 155, 156, 157, 158, 159, 162, 163, 164, 166, 168, 169, 170, 172, 173, 174, 176, 177, 179, 180, 181, 182, 183, 185, 186, 187, 188, 189, 191, 192, 194, 195, 196, 197, 198, 200, 201, 202, 203, 204, 205, 206, 208, 209, 211, 213, 214, 215, 216, 218, 221, 222, 223, 224, 226, 227, 228, 229, 232, 236, 237, 238, 239, 240, 241, 242, 243, 245, 246, 247, 248, 250, 260, 261, 262, 265, 267, 278, 279, 280, 282, 284, 285, 286, 288, 289, 292, 293, 294, 295, 297, 299, 314, 316, 317, 318, 319, 322, 323, 331, 332, 339, 340, 341, 344, 345, 346, 349, 350, 351, 352, 353, 354, 355, 356, 357, 360, 361, 362, 363, 364, 365, 367, 368, 370, 371, 372, 373, 374, 376, 377, 379, 380, 381, 382, 385, 386, 388, 389, 390, 391, 394, 400, 409, 410, 411, 412, 413, 414, 417, 418, 419, 420, 422, 423, 424, 425, 427, 430, 431, 432, 433, 434, 435, 438, 439, 440, 441, 442, 444, 445, 448, 449, 450, 451, 452, 453, 454, 455, 456, 458, 460, 461, 462, 464, 465, 467, 468, 469, 470, 472, 474, 484, 486, 487, 488, 489, 492, 493, 501, 502, 509, 510, 511, 514, 515, 516, 518, 519, 520, 521, 522, 523, 524, 525, 526, 528, 529, 531, 532, 533, 534, 535, 537, 538, 540, 541, 542, 543, 546, 547, 549, 550, 551, 552, 555, 559, 560, 561, 562, 563, 566, 567, 568, 569, 570, 571, 572, 575, 576, 577, 578, 579, 582, 583, 584, 585, 586, 588, 589, 590, 591, 593, 594, 595, 596, 597, 598, 601, 602, 603, 604, 605, 606, 607, 608, 609, 611, 613, 614, 615, 617, 618, 620, 621, 622, 623, 625, 627, 637, 640, 641, 642, 643, 646, 647, 648, 649, 652, 653, 654, 655, 658, 659, 660, 661, 664, 665, 666, 667, 670, 671, 672, 673, 675, 677, 693, 694, 698, 701, 703, 711, 712, 716, 732, 733, 734, 736, 738, 753, 754, 757, 758, 759, 760, 763, 764, 767, 768, 771, 781, 782, 783, 785, 788, 804, 805, 809, 812, 814, 822, 823, 827, 843, 844, 845, 847, 849, 860, 862, 863, 864, 865, 866, 867, 868, 869, 870, 871, 874, 876, 877, 878, 879, 882, 883, 884, 885, 888, 890, 891, 892, 893, 897, 898, 899, 900, 904, 907, 908, 909, 910, 913, 914, 917, 919, 920, 921, 922, 925, 937, 940, 942, 943, 944, 945, 948, 949, 950, 951, 952, 953, 954, 956, 957, 960, 962, 963, 966, 967, 968, 969, 971], "excluded_lines": [], "functions": {"AmazonUnifiedCollector.__init__": {"executed_lines": [], "summary": {"covered_lines": 0, "num_statements": 18, "percent_covered": 0.0, "percent_covered_display": "0", "missing_lines": 18, "excluded_lines": 0, "percent_statements_covered": 0.0, "percent_statements_covered_display": "0"}, "missing_lines": [55, 56, 57, 60, 61, 62, 63, 66, 67, 68, 70, 71, 72, 75, 78, 87, 89, 90], "excluded_lines": []}, "AmazonUnifiedCollector.list_devices": {"executed_lines": [], "summary": {"covered_lines": 0, "num_statements": 105, "percent_covered": 0.0, "percent_covered_display": "0", "missing_lines": 105, "excluded_lines": 0, "percent_statements_covered": 0.0, "percent_statements_covered_display": "0"}, "missing_lines": [106, 107, 108, 109, 112, 135, 137, 138, 145, 146, 147, 148, 149, 151, 152, 155, 156, 157, 158, 159, 162, 163, 164, 166, 168, 169, 170, 172, 173, 174, 176, 177, 179, 180, 181, 182, 183, 185, 186, 187, 188, 189, 191, 192, 194, 195, 196, 197, 198, 200, 201, 202, 203, 204, 205, 206, 208, 209, 211, 213, 214, 215, 216, 218, 221, 222, 223, 224, 226, 227, 228, 229, 232, 236, 237, 238, 239, 240, 241, 242, 243, 245, 246, 247, 248, 250, 260, 261, 262, 265, 267, 278, 279, 280, 282, 284, 285, 286, 288, 289, 292, 293, 294, 295, 297], "excluded_lines": []}, "AmazonUnifiedCollector.get_air_quality_readings": {"executed_lines": [], "summary": {"covered_lines": 0, "num_statements": 99, "percent_covered": 0.0, "percent_covered_display": "0", "missing_lines": 99, "excluded_lines": 0, "percent_statements_covered": 0.0, "percent_statements_covered_display": "0"}, "missing_lines": [314, 316, 317, 318, 319, 322, 323, 331, 332, 339, 340, 341, 344, 345, 346, 349, 350, 351, 352, 353, 354, 355, 356, 357, 360, 361, 362, 363, 364, 365, 367, 368, 370, 371, 372, 373, 374, 376, 377, 379, 380, 381, 382, 385, 386, 388, 389, 390, 391, 394, 400, 409, 410, 411, 412, 413, 414, 417, 418, 419, 420, 422, 423, 424, 425, 427, 430, 431, 432, 433, 434, 435, 438, 439, 440, 441, 442, 444, 445, 448, 449, 450, 451, 452, 453, 454, 455, 456, 458, 460, 461, 462, 464, 465, 467, 468, 469, 470, 472], "excluded_lines": []}, "AmazonUnifiedCollector.get_thermostat_readings": {"executed_lines": [], "summary": {"covered_lines": 0, "num_statements": 96, "percent_covered": 0.0, "percent_covered_display": "0", "missing_lines": 96, "excluded_lines": 0, "percent_statements_covered": 0.0, "percent_statements_covered_display": "0"}, "missing_lines": [484, 486, 487, 488, 489, 492, 493, 501, 502, 509, 510, 511, 514, 515, 516, 518, 519, 520, 521, 522, 523, 524, 525, 526, 528, 529, 531, 532, 533, 534, 535, 537, 538, 540, 541, 542, 543, 546, 547, 549, 550, 551, 552, 555, 559, 560, 561, 562, 563, 566, 567, 568, 569, 570, 571, 572, 575, 576, 577, 578, 579, 582, 583, 584, 585, 586, 588, 589, 590, 591, 593, 594, 595, 596, 597, 598, 601, 602, 603, 604, 605, 606, 607, 608, 609, 611, 613, 614, 615, 617, 618, 620, 621, 622, 623, 625], "excluded_lines": []}, "AmazonUnifiedCollector.validate_readings": {"executed_lines": [], "summary": {"covered_lines": 0, "num_statements": 26, "percent_covered": 0.0, "percent_covered_display": "0", "missing_lines": 26, "excluded_lines": 0, "percent_statements_covered": 0.0, "percent_statements_covered_display": "0"}, "missing_lines": [637, 640, 641, 642, 643, 646, 647, 648, 649, 652, 653, 654, 655, 658, 659, 660, 661, 664, 665, 666, 667, 670, 671, 672, 673, 675], "excluded_lines": []}, "AmazonUnifiedCollector.format_aqm_reading_for_db": {"executed_lines": [], "summary": {"covered_lines": 0, "num_statements": 12, "percent_covered": 0.0, "percent_covered_display": "0", "missing_lines": 12, "excluded_lines": 0, "percent_statements_covered": 0.0, "percent_statements_covered_display": "0"}, "missing_lines": [693, 694, 698, 701, 703, 711, 712, 716, 732, 733, 734, 736], "excluded_lines": []}, "AmazonUnifiedCollector.format_nest_reading_for_db": {"executed_lines": [], "summary": {"covered_lines": 0, "num_statements": 15, "percent_covered": 0.0, "percent_covered_display": "0", "missing_lines": 15, "excluded_lines": 0, "percent_statements_covered": 0.0, "percent_statements_covered_display": "0"}, "missing_lines": [753, 754, 757, 758, 759, 760, 763, 764, 767, 768, 771, 781, 782, 783, 785], "excluded_lines": []}, "AmazonUnifiedCollector.format_reading_for_db": {"executed_lines": [], "summary": {"covered_lines": 0, "num_statements": 12, "percent_covered": 0.0, "percent_covered_display": "0", "missing_lines": 12, "excluded_lines": 0, "percent_statements_covered": 0.0, "percent_statements_covered_display": "0"}, "missing_lines": [804, 805, 809, 812, 814, 822, 823, 827, 843, 844, 845, 847], "excluded_lines": []}, "AmazonUnifiedCollector.collect_and_store": {"executed_lines": [], "summary": {"covered_lines": 0, "num_statements": 41, "percent_covered": 0.0, "percent_covered_display": "0", "missing_lines": 41, "excluded_lines": 0, "percent_statements_covered": 0.0, "percent_statements_covered_display": "0"}, "missing_lines": [860, 862, 863, 864, 865, 866, 867, 868, 869, 870, 871, 874, 876, 877, 878, 879, 882, 883, 884, 885, 888, 890, 891, 892, 893, 897, 898, 899, 900, 904, 907, 908, 909, 910, 913, 914, 917, 919, 920, 921, 922], "excluded_lines": []}, "collect_amazon_aqm_data": {"executed_lines": [], "summary": {"covered_lines": 0, "num_statements": 23, "percent_covered": 0.0, "percent_covered_display": "0", "missing_lines": 23, "excluded_lines": 0, "percent_statements_covered": 0.0, "percent_statements_covered_display": "0"}, "missing_lines": [937, 940, 942, 943, 944, 945, 948, 949, 950, 951, 952, 953, 954, 956, 957, 960, 962, 963, 966, 967, 968, 969, 971], "excluded_lines": []}, "": {"executed_lines": [], "summary": {"covered_lines": 0, "num_statements": 19, "percent_covered": 0.0, "percent_covered_display": "0", "missing_lines": 19, "excluded_lines": 0, "percent_statements_covered": 0.0, "percent_statements_covered_display": "0"}, "missing_lines": [18, 19, 20, 21, 22, 23, 24, 25, 28, 46, 92, 299, 474, 627, 677, 738, 788, 849, 925], "excluded_lines": []}}, "classes": {"AmazonUnifiedCollector": {"executed_lines": [], "summary": {"covered_lines": 0, "num_statements": 424, "percent_covered": 0.0, "percent_covered_display": "0", "missing_lines": 424, "excluded_lines": 0, "percent_statements_covered": 0.0, "percent_statements_covered_display": "0"}, "missing_lines": [55, 56, 57, 60, 61, 62, 63, 66, 67, 68, 70, 71, 72, 75, 78, 87, 89, 90, 106, 107, 108, 109, 112, 135, 137, 138, 145, 146, 147, 148, 149, 151, 152, 155, 156, 157, 158, 159, 162, 163, 164, 166, 168, 169, 170, 172, 173, 174, 176, 177, 179, 180, 181, 182, 183, 185, 186, 187, 188, 189, 191, 192, 194, 195, 196, 197, 198, 200, 201, 202, 203, 204, 205, 206, 208, 209, 211, 213, 214, 215, 216, 218, 221, 222, 223, 224, 226, 227, 228, 229, 232, 236, 237, 238, 239, 240, 241, 242, 243, 245, 246, 247, 248, 250, 260, 261, 262, 265, 267, 278, 279, 280, 282, 284, 285, 286, 288, 289, 292, 293, 294, 295, 297, 314, 316, 317, 318, 319, 322, 323, 331, 332, 339, 340, 341, 344, 345, 346, 349, 350, 351, 352, 353, 354, 355, 356, 357, 360, 361, 362, 363, 364, 365, 367, 368, 370, 371, 372, 373, 374, 376, 377, 379, 380, 381, 382, 385, 386, 388, 389, 390, 391, 394, 400, 409, 410, 411, 412, 413, 414, 417, 418, 419, 420, 422, 423, 424, 425, 427, 430, 431, 432, 433, 434, 435, 438, 439, 440, 441, 442, 444, 445, 448, 449, 450, 451, 452, 453, 454, 455, 456, 458, 460, 461, 462, 464, 465, 467, 468, 469, 470, 472, 484, 486, 487, 488, 489, 492, 493, 501, 502, 509, 510, 511, 514, 515, 516, 518, 519, 520, 521, 522, 523, 524, 525, 526, 528, 529, 531, 532, 533, 534, 535, 537, 538, 540, 541, 542, 543, 546, 547, 549, 550, 551, 552, 555, 559, 560, 561, 562, 563, 566, 567, 568, 569, 570, 571, 572, 575, 576, 577, 578, 579, 582, 583, 584, 585, 586, 588, 589, 590, 591, 593, 594, 595, 596, 597, 598, 601, 602, 603, 604, 605, 606, 607, 608, 609, 611, 613, 614, 615, 617, 618, 620, 621, 622, 623, 625, 637, 640, 641, 642, 643, 646, 647, 648, 649, 652, 653, 654, 655, 658, 659, 660, 661, 664, 665, 666, 667, 670, 671, 672, 673, 675, 693, 694, 698, 701, 703, 711, 712, 716, 732, 733, 734, 736, 753, 754, 757, 758, 759, 760, 763, 764, 767, 768, 771, 781, 782, 783, 785, 804, 805, 809, 812, 814, 822, 823, 827, 843, 844, 845, 847, 860, 862, 863, 864, 865, 866, 867, 868, 869, 870, 871, 874, 876, 877, 878, 879, 882, 883, 884, 885, 888, 890, 891, 892, 893, 897, 898, 899, 900, 904, 907, 908, 909, 910, 913, 914, 917, 919, 920, 921, 922], "excluded_lines": []}, "": {"executed_lines": [], "summary": {"covered_lines": 0, "num_statements": 42, "percent_covered": 0.0, "percent_covered_display": "0", "missing_lines": 42, "excluded_lines": 0, "percent_statements_covered": 0.0, "percent_statements_covered_display": "0"}, "missing_lines": [18, 19, 20, 21, 22, 23, 24, 25, 28, 46, 92, 299, 474, 627, 677, 738, 788, 849, 925, 937, 940, 942, 943, 944, 945, 948, 949, 950, 951, 952, 953, 954, 956, 957, 960, 962, 963, 966, 967, 968, 969, 971], "excluded_lines": []}}}, "source/collectors/amazon_unified_collector_main.py": {"executed_lines": [], "summary": {"covered_lines": 0, "num_statements": 255, "percent_covered": 0.0, "percent_covered_display": "0", "missing_lines": 255, "excluded_lines": 0, "percent_statements_covered": 0.0, "percent_statements_covered_display": "0"}, "missing_lines": [18, 19, 20, 21, 22, 23, 24, 25, 28, 29, 31, 32, 33, 34, 35, 36, 39, 42, 50, 51, 52, 53, 54, 56, 57, 58, 64, 65, 68, 69, 71, 72, 80, 81, 82, 83, 84, 85, 86, 88, 89, 90, 91, 92, 93, 94, 95, 96, 98, 99, 100, 101, 102, 103, 104, 105, 106, 108, 110, 111, 112, 120, 129, 130, 131, 132, 135, 136, 137, 139, 140, 141, 142, 144, 145, 148, 149, 150, 151, 152, 154, 155, 157, 158, 161, 169, 170, 172, 173, 176, 177, 178, 179, 180, 183, 184, 185, 186, 189, 192, 193, 196, 197, 198, 199, 201, 202, 204, 206, 207, 210, 218, 219, 221, 222, 225, 226, 227, 228, 229, 232, 233, 234, 235, 238, 241, 242, 245, 246, 247, 248, 250, 251, 253, 254, 255, 256, 258, 260, 261, 262, 268, 270, 271, 276, 278, 279, 280, 286, 289, 298, 299, 300, 301, 303, 304, 305, 307, 308, 310, 311, 312, 313, 315, 316, 317, 318, 321, 322, 323, 324, 325, 327, 329, 330, 332, 333, 334, 335, 336, 338, 339, 340, 341, 343, 344, 345, 346, 347, 349, 351, 352, 353, 356, 357, 358, 360, 362, 363, 364, 365, 366, 367, 368, 371, 373, 384, 389, 394, 399, 405, 412, 415, 416, 417, 418, 419, 420, 423, 425, 428, 429, 430, 431, 432, 433, 434, 437, 438, 439, 440, 441, 442, 445, 446, 447, 455, 456, 460, 461, 462, 464, 465, 466, 467, 468, 470, 471, 472, 473, 474, 478, 479, 482, 483], "excluded_lines": [], "functions": {"discover_devices": {"executed_lines": [], "summary": {"covered_lines": 0, "num_statements": 43, "percent_covered": 0.0, "percent_covered_display": "0", "missing_lines": 43, "excluded_lines": 0, "percent_statements_covered": 0.0, "percent_statements_covered_display": "0"}, "missing_lines": [50, 51, 52, 53, 54, 56, 57, 58, 64, 65, 68, 69, 71, 72, 80, 81, 82, 83, 84, 85, 86, 88, 89, 90, 91, 92, 93, 94, 95, 96, 98, 99, 100, 101, 102, 103, 104, 105, 106, 108, 110, 111, 112], "excluded_lines": []}, "collect_once": {"executed_lines": [], "summary": {"covered_lines": 0, "num_statements": 87, "percent_covered": 0.0, "percent_covered_display": "0", "missing_lines": 87, "excluded_lines": 0, "percent_statements_covered": 0.0, "percent_statements_covered_display": "0"}, "missing_lines": [129, 130, 131, 132, 135, 136, 137, 139, 140, 141, 142, 144, 145, 148, 149, 150, 151, 152, 154, 155, 157, 158, 161, 169, 170, 172, 173, 176, 177, 178, 179, 180, 183, 184, 185, 186, 189, 192, 193, 196, 197, 198, 199, 201, 202, 204, 206, 207, 210, 218, 219, 221, 222, 225, 226, 227, 228, 229, 232, 233, 234, 235, 238, 241, 242, 245, 246, 247, 248, 250, 251, 253, 254, 255, 256, 258, 260, 261, 262, 268, 270, 271, 276, 278, 279, 280, 286], "excluded_lines": []}, "collect_continuous": {"executed_lines": [], "summary": {"covered_lines": 0, "num_statements": 54, "percent_covered": 0.0, "percent_covered_display": "0", "missing_lines": 54, "excluded_lines": 0, "percent_statements_covered": 0.0, "percent_statements_covered_display": "0"}, "missing_lines": [298, 299, 300, 301, 303, 304, 305, 307, 308, 310, 311, 312, 313, 315, 316, 317, 318, 321, 322, 323, 324, 325, 327, 329, 330, 332, 333, 334, 335, 336, 338, 339, 340, 341, 343, 344, 345, 346, 347, 349, 351, 352, 353, 356, 357, 358, 360, 362, 363, 364, 365, 366, 367, 368], "excluded_lines": []}, "main": {"executed_lines": [], "summary": {"covered_lines": 0, "num_statements": 48, "percent_covered": 0.0, "percent_covered_display": "0", "missing_lines": 48, "excluded_lines": 0, "percent_statements_covered": 0.0, "percent_statements_covered_display": "0"}, "missing_lines": [373, 384, 389, 394, 399, 405, 412, 415, 416, 417, 418, 419, 420, 423, 425, 428, 429, 430, 431, 432, 433, 434, 437, 438, 439, 440, 441, 442, 445, 446, 447, 455, 456, 460, 461, 462, 464, 465, 466, 467, 468, 470, 471, 472, 473, 474, 478, 479], "excluded_lines": []}, "": {"executed_lines": [], "summary": {"covered_lines": 0, "num_statements": 23, "percent_covered": 0.0, "percent_covered_display": "0", "missing_lines": 23, "excluded_lines": 0, "percent_statements_covered": 0.0, "percent_statements_covered_display": "0"}, "missing_lines": [18, 19, 20, 21, 22, 23, 24, 25, 28, 29, 31, 32, 33, 34, 35, 36, 39, 42, 120, 289, 371, 482, 483], "excluded_lines": []}}, "classes": {"": {"executed_lines": [], "summary": {"covered_lines": 0, "num_statements": 255, "percent_covered": 0.0, "percent_covered_display": "0", "missing_lines": 255, "excluded_lines": 0, "percent_statements_covered": 0.0, "percent_statements_covered_display": "0"}, "missing_lines": [18, 19, 20, 21, 22, 23, 24, 25, 28, 29, 31, 32, 33, 34, 35, 36, 39, 42, 50, 51, 52, 53, 54, 56, 57, 58, 64, 65, 68, 69, 71, 72, 80, 81, 82, 83, 84, 85, 86, 88, 89, 90, 91, 92, 93, 94, 95, 96, 98, 99, 100, 101, 102, 103, 104, 105, 106, 108, 110, 111, 112, 120, 129, 130, 131, 132, 135, 136, 137, 139, 140, 141, 142, 144, 145, 148, 149, 150, 151, 152, 154, 155, 157, 158, 161, 169, 170, 172, 173, 176, 177, 178, 179, 180, 183, 184, 185, 186, 189, 192, 193, 196, 197, 198, 199, 201, 202, 204, 206, 207, 210, 218, 219, 221, 222, 225, 226, 227, 228, 229, 232, 233, 234, 235, 238, 241, 242, 245, 246, 247, 248, 250, 251, 253, 254, 255, 256, 258, 260, 261, 262, 268, 270, 271, 276, 278, 279, 280, 286, 289, 298, 299, 300, 301, 303, 304, 305, 307, 308, 310, 311, 312, 313, 315, 316, 317, 318, 321, 322, 323, 324, 325, 327, 329, 330, 332, 333, 334, 335, 336, 338, 339, 340, 341, 343, 344, 345, 346, 347, 349, 351, 352, 353, 356, 357, 358, 360, 362, 363, 364, 365, 366, 367, 368, 371, 373, 384, 389, 394, 399, 405, 412, 415, 416, 417, 418, 419, 420, 423, 425, 428, 429, 430, 431, 432, 433, 434, 437, 438, 439, 440, 441, 442, 445, 446, 447, 455, 456, 460, 461, 462, 464, 465, 466, 467, 468, 470, 471, 472, 473, 474, 478, 479, 482, 483], "excluded_lines": []}}}, "source/collectors/hue_auth.py": {"executed_lines": [], "summary": {"covered_lines": 0, "num_statements": 161, "percent_covered": 0.0, "percent_covered_display": "0", "missing_lines": 161, "excluded_lines": 0, "percent_statements_covered": 0.0, "percent_statements_covered_display": "0"}, "missing_lines": [12, 13, 14, 15, 16, 17, 19, 21, 22, 23, 24, 25, 26, 28, 29, 30, 31, 32, 33, 36, 46, 47, 49, 51, 52, 54, 55, 56, 57, 58, 60, 61, 62, 64, 65, 66, 67, 68, 69, 70, 71, 74, 86, 87, 88, 89, 90, 91, 92, 94, 95, 96, 97, 98, 99, 100, 103, 106, 118, 119, 121, 122, 124, 125, 126, 127, 128, 129, 130, 131, 132, 133, 135, 136, 137, 138, 139, 140, 142, 143, 144, 145, 146, 147, 148, 149, 150, 152, 153, 154, 155, 156, 157, 158, 159, 160, 161, 163, 164, 165, 166, 167, 168, 169, 172, 185, 187, 189, 190, 191, 193, 196, 197, 199, 200, 203, 204, 205, 207, 208, 209, 211, 212, 213, 214, 217, 220, 221, 223, 235, 240, 245, 251, 254, 255, 256, 257, 259, 261, 262, 263, 264, 265, 266, 269, 271, 272, 273, 274, 277, 278, 279, 280, 281, 282, 283, 285, 286, 287, 290, 291], "excluded_lines": [], "functions": {"discover_bridge": {"executed_lines": [], "summary": {"covered_lines": 0, "num_statements": 21, "percent_covered": 0.0, "percent_covered_display": "0", "missing_lines": 21, "excluded_lines": 0, "percent_statements_covered": 0.0, "percent_statements_covered_display": "0"}, "missing_lines": [46, 47, 49, 51, 52, 54, 55, 56, 57, 58, 60, 61, 62, 64, 65, 66, 67, 68, 69, 70, 71], "excluded_lines": []}, "get_bridge_ip": {"executed_lines": [], "summary": {"covered_lines": 0, "num_statements": 15, "percent_covered": 0.0, "percent_covered_display": "0", "missing_lines": 15, "excluded_lines": 0, "percent_statements_covered": 0.0, "percent_statements_covered_display": "0"}, "missing_lines": [86, 87, 88, 89, 90, 91, 92, 94, 95, 96, 97, 98, 99, 100, 103], "excluded_lines": []}, "authenticate_bridge": {"executed_lines": [], "summary": {"covered_lines": 0, "num_statements": 46, "percent_covered": 0.0, "percent_covered_display": "0", "missing_lines": 46, "excluded_lines": 0, "percent_statements_covered": 0.0, "percent_statements_covered_display": "0"}, "missing_lines": [118, 119, 121, 122, 124, 125, 126, 127, 128, 129, 130, 131, 132, 133, 135, 136, 137, 138, 139, 140, 142, 143, 144, 145, 146, 147, 148, 149, 150, 152, 153, 154, 155, 156, 157, 158, 159, 160, 161, 163, 164, 165, 166, 167, 168, 169], "excluded_lines": []}, "save_credentials": {"executed_lines": [], "summary": {"covered_lines": 0, "num_statements": 20, "percent_covered": 0.0, "percent_covered_display": "0", "missing_lines": 20, "excluded_lines": 0, "percent_statements_covered": 0.0, "percent_statements_covered_display": "0"}, "missing_lines": [185, 187, 189, 190, 191, 193, 196, 197, 199, 200, 203, 204, 205, 207, 208, 209, 211, 212, 213, 214], "excluded_lines": []}, "main": {"executed_lines": [], "summary": {"covered_lines": 0, "num_statements": 33, "percent_covered": 0.0, "percent_covered_display": "0", "missing_lines": 33, "excluded_lines": 0, "percent_statements_covered": 0.0, "percent_statements_covered_display": "0"}, "missing_lines": [220, 221, 223, 235, 240, 245, 251, 254, 255, 256, 257, 259, 261, 262, 263, 264, 265, 266, 269, 271, 272, 273, 274, 277, 278, 279, 280, 281, 282, 283, 285, 286, 287], "excluded_lines": []}, "": {"executed_lines": [], "summary": {"covered_lines": 0, "num_statements": 26, "percent_covered": 0.0, "percent_covered_display": "0", "missing_lines": 26, "excluded_lines": 0, "percent_statements_covered": 0.0, "percent_statements_covered_display": "0"}, "missing_lines": [12, 13, 14, 15, 16, 17, 19, 21, 22, 23, 24, 25, 26, 28, 29, 30, 31, 32, 33, 36, 74, 106, 172, 217, 290, 291], "excluded_lines": []}}, "classes": {"": {"executed_lines": [], "summary": {"covered_lines": 0, "num_statements": 161, "percent_covered": 0.0, "percent_covered_display": "0", "missing_lines": 161, "excluded_lines": 0, "percent_statements_covered": 0.0, "percent_statements_covered_display": "0"}, "missing_lines": [12, 13, 14, 15, 16, 17, 19, 21, 22, 23, 24, 25, 26, 28, 29, 30, 31, 32, 33, 36, 46, 47, 49, 51, 52, 54, 55, 56, 57, 58, 60, 61, 62, 64, 65, 66, 67, 68, 69, 70, 71, 74, 86, 87, 88, 89, 90, 91, 92, 94, 95, 96, 97, 98, 99, 100, 103, 106, 118, 119, 121, 122, 124, 125, 126, 127, 128, 129, 130, 131, 132, 133, 135, 136, 137, 138, 139, 140, 142, 143, 144, 145, 146, 147, 148, 149, 150, 152, 153, 154, 155, 156, 157, 158, 159, 160, 161, 163, 164, 165, 166, 167, 168, 169, 172, 185, 187, 189, 190, 191, 193, 196, 197, 199, 200, 203, 204, 205, 207, 208, 209, 211, 212, 213, 214, 217, 220, 221, 223, 235, 240, 245, 251, 254, 255, 256, 257, 259, 261, 262, 263, 264, 265, 266, 269, 271, 272, 273, 274, 277, 278, 279, 280, 281, 282, 283, 285, 286, 287, 290, 291], "excluded_lines": []}}}, "source/collectors/hue_collector.py": {"executed_lines": [], "summary": {"covered_lines": 0, "num_statements": 356, "percent_covered": 0.0, "percent_covered_display": "0", "missing_lines": 356, "excluded_lines": 0, "percent_statements_covered": 0.0, "percent_statements_covered_display": "0"}, "missing_lines": [19, 20, 21, 22, 23, 24, 25, 26, 27, 28, 29, 32, 35, 36, 37, 38, 39, 40, 42, 43, 44, 45, 46, 47, 49, 50, 51, 52, 53, 54, 57, 60, 62, 63, 64, 65, 66, 67, 70, 72, 73, 74, 75, 76, 77, 78, 81, 92, 93, 95, 96, 98, 99, 100, 101, 102, 105, 106, 107, 109, 111, 113, 115, 116, 117, 118, 119, 120, 121, 122, 125, 136, 138, 139, 141, 144, 145, 148, 149, 151, 154, 165, 166, 168, 171, 172, 174, 175, 176, 177, 178, 179, 180, 181, 182, 185, 186, 187, 188, 189, 191, 192, 193, 194, 196, 206, 207, 208, 215, 216, 217, 218, 223, 225, 235, 238, 249, 250, 251, 253, 256, 271, 278, 281, 282, 283, 284, 285, 286, 289, 290, 292, 294, 295, 296, 297, 298, 300, 301, 302, 304, 305, 308, 309, 310, 313, 314, 315, 316, 317, 318, 319, 321, 323, 325, 329, 330, 331, 337, 340, 341, 342, 343, 349, 352, 353, 355, 356, 357, 365, 367, 369, 377, 378, 385, 396, 398, 399, 400, 401, 403, 405, 407, 408, 410, 412, 414, 415, 422, 423, 425, 426, 433, 436, 447, 448, 451, 452, 453, 454, 456, 457, 458, 459, 460, 461, 462, 463, 464, 467, 469, 470, 471, 477, 479, 480, 481, 482, 485, 486, 487, 489, 490, 491, 492, 493, 494, 495, 496, 497, 498, 500, 501, 502, 503, 505, 506, 508, 509, 512, 513, 514, 518, 519, 520, 521, 529, 532, 534, 536, 537, 538, 539, 543, 545, 546, 550, 552, 553, 554, 556, 557, 558, 561, 569, 570, 571, 572, 575, 577, 579, 581, 582, 583, 584, 586, 587, 588, 589, 590, 592, 593, 594, 595, 596, 597, 598, 600, 602, 604, 605, 614, 616, 631, 636, 641, 646, 651, 657, 660, 661, 663, 666, 669, 672, 673, 675, 676, 677, 679, 680, 682, 683, 684, 685, 686, 687, 689, 690, 691, 692, 693, 694, 696, 703, 704, 712, 713, 720, 722, 723, 724, 726, 727, 729, 730, 732, 733, 734, 735, 736, 737, 738, 739, 742, 743, 751, 752, 753, 755, 756, 757, 764, 765, 768, 769], "excluded_lines": [], "functions": {"load_config": {"executed_lines": [], "summary": {"covered_lines": 0, "num_statements": 6, "percent_covered": 0.0, "percent_covered_display": "0", "missing_lines": 6, "excluded_lines": 0, "percent_statements_covered": 0.0, "percent_statements_covered_display": "0"}, "missing_lines": [62, 63, 64, 65, 66, 67], "excluded_lines": []}, "load_secrets": {"executed_lines": [], "summary": {"covered_lines": 0, "num_statements": 7, "percent_covered": 0.0, "percent_covered_display": "0", "missing_lines": 7, "excluded_lines": 0, "percent_statements_covered": 0.0, "percent_statements_covered_display": "0"}, "missing_lines": [72, 73, 74, 75, 76, 77, 78], "excluded_lines": []}, "connect_to_bridge": {"executed_lines": [], "summary": {"covered_lines": 0, "num_statements": 23, "percent_covered": 0.0, "percent_covered_display": "0", "missing_lines": 23, "excluded_lines": 0, "percent_statements_covered": 0.0, "percent_statements_covered_display": "0"}, "missing_lines": [92, 93, 95, 96, 98, 99, 100, 101, 102, 105, 106, 107, 109, 111, 113, 115, 116, 117, 118, 119, 120, 121, 122], "excluded_lines": []}, "get_sensor_location": {"executed_lines": [], "summary": {"covered_lines": 0, "num_statements": 9, "percent_covered": 0.0, "percent_covered_display": "0", "missing_lines": 9, "excluded_lines": 0, "percent_statements_covered": 0.0, "percent_statements_covered_display": "0"}, "missing_lines": [136, 138, 139, 141, 144, 145, 148, 149, 151], "excluded_lines": []}, "discover_sensors": {"executed_lines": [], "summary": {"covered_lines": 0, "num_statements": 32, "percent_covered": 0.0, "percent_covered_display": "0", "missing_lines": 32, "excluded_lines": 0, "percent_statements_covered": 0.0, "percent_statements_covered_display": "0"}, "missing_lines": [165, 166, 168, 171, 172, 174, 175, 176, 177, 178, 179, 180, 181, 182, 185, 186, 187, 188, 189, 191, 192, 193, 194, 196, 206, 207, 208, 215, 216, 217, 218, 223], "excluded_lines": []}, "convert_temperature": {"executed_lines": [], "summary": {"covered_lines": 0, "num_statements": 1, "percent_covered": 0.0, "percent_covered_display": "0", "missing_lines": 1, "excluded_lines": 0, "percent_statements_covered": 0.0, "percent_statements_covered_display": "0"}, "missing_lines": [235], "excluded_lines": []}, "is_temperature_anomalous": {"executed_lines": [], "summary": {"covered_lines": 0, "num_statements": 4, "percent_covered": 0.0, "percent_covered_display": "0", "missing_lines": 4, "excluded_lines": 0, "percent_statements_covered": 0.0, "percent_statements_covered_display": "0"}, "missing_lines": [249, 250, 251, 253], "excluded_lines": []}, "collect_reading_from_sensor": {"executed_lines": [], "summary": {"covered_lines": 0, "num_statements": 42, "percent_covered": 0.0, "percent_covered_display": "0", "missing_lines": 42, "excluded_lines": 0, "percent_statements_covered": 0.0, "percent_statements_covered_display": "0"}, "missing_lines": [271, 278, 323, 325, 329, 330, 331, 337, 340, 341, 342, 343, 349, 352, 353, 355, 356, 357, 365, 367, 369, 377, 378, 385, 396, 398, 399, 400, 401, 403, 405, 407, 408, 410, 412, 414, 415, 422, 423, 425, 426, 433], "excluded_lines": []}, "collect_reading_from_sensor._fetch_sensor_data": {"executed_lines": [], "summary": {"covered_lines": 0, "num_statements": 30, "percent_covered": 0.0, "percent_covered_display": "0", "missing_lines": 30, "excluded_lines": 0, "percent_statements_covered": 0.0, "percent_statements_covered_display": "0"}, "missing_lines": [281, 282, 283, 284, 285, 286, 289, 290, 292, 294, 295, 296, 297, 298, 300, 301, 302, 304, 305, 308, 309, 310, 313, 314, 315, 316, 317, 318, 319, 321], "excluded_lines": []}, "collect_all_readings": {"executed_lines": [], "summary": {"covered_lines": 0, "num_statements": 69, "percent_covered": 0.0, "percent_covered_display": "0", "missing_lines": 69, "excluded_lines": 0, "percent_statements_covered": 0.0, "percent_statements_covered_display": "0"}, "missing_lines": [447, 448, 451, 452, 453, 454, 456, 457, 458, 459, 460, 461, 462, 463, 464, 467, 469, 470, 471, 477, 479, 480, 481, 482, 485, 486, 487, 489, 490, 491, 492, 493, 494, 495, 496, 497, 498, 500, 501, 502, 503, 505, 506, 508, 509, 512, 513, 514, 518, 519, 520, 521, 529, 532, 534, 536, 537, 538, 539, 543, 545, 546, 550, 552, 553, 554, 556, 557, 558], "excluded_lines": []}, "store_readings": {"executed_lines": [], "summary": {"covered_lines": 0, "num_statements": 27, "percent_covered": 0.0, "percent_covered_display": "0", "missing_lines": 27, "excluded_lines": 0, "percent_statements_covered": 0.0, "percent_statements_covered_display": "0"}, "missing_lines": [569, 570, 571, 572, 575, 577, 579, 581, 582, 583, 584, 586, 587, 588, 589, 590, 592, 593, 594, 595, 596, 597, 598, 600, 602, 604, 605], "excluded_lines": []}, "main": {"executed_lines": [], "summary": {"covered_lines": 0, "num_statements": 62, "percent_covered": 0.0, "percent_covered_display": "0", "missing_lines": 62, "excluded_lines": 0, "percent_statements_covered": 0.0, "percent_statements_covered_display": "0"}, "missing_lines": [616, 631, 636, 641, 646, 651, 657, 660, 661, 663, 666, 669, 672, 673, 675, 676, 677, 679, 680, 682, 683, 684, 685, 686, 687, 689, 690, 691, 692, 693, 694, 696, 703, 704, 712, 713, 720, 722, 723, 724, 726, 727, 729, 730, 732, 733, 734, 735, 736, 737, 738, 739, 742, 743, 751, 752, 753, 755, 756, 757, 764, 765], "excluded_lines": []}, "": {"executed_lines": [], "summary": {"covered_lines": 0, "num_statements": 44, "percent_covered": 0.0, "percent_covered_display": "0", "missing_lines": 44, "excluded_lines": 0, "percent_statements_covered": 0.0, "percent_statements_covered_display": "0"}, "missing_lines": [19, 20, 21, 22, 23, 24, 25, 26, 27, 28, 29, 32, 35, 36, 37, 38, 39, 40, 42, 43, 44, 45, 46, 47, 49, 50, 51, 52, 53, 54, 57, 60, 70, 81, 125, 154, 225, 238, 256, 436, 561, 614, 768, 769], "excluded_lines": []}}, "classes": {"": {"executed_lines": [], "summary": {"covered_lines": 0, "num_statements": 356, "percent_covered": 0.0, "percent_covered_display": "0", "missing_lines": 356, "excluded_lines": 0, "percent_statements_covered": 0.0, "percent_statements_covered_display": "0"}, "missing_lines": [19, 20, 21, 22, 23, 24, 25, 26, 27, 28, 29, 32, 35, 36, 37, 38, 39, 40, 42, 43, 44, 45, 46, 47, 49, 50, 51, 52, 53, 54, 57, 60, 62, 63, 64, 65, 66, 67, 70, 72, 73, 74, 75, 76, 77, 78, 81, 92, 93, 95, 96, 98, 99, 100, 101, 102, 105, 106, 107, 109, 111, 113, 115, 116, 117, 118, 119, 120, 121, 122, 125, 136, 138, 139, 141, 144, 145, 148, 149, 151, 154, 165, 166, 168, 171, 172, 174, 175, 176, 177, 178, 179, 180, 181, 182, 185, 186, 187, 188, 189, 191, 192, 193, 194, 196, 206, 207, 208, 215, 216, 217, 218, 223, 225, 235, 238, 249, 250, 251, 253, 256, 271, 278, 281, 282, 283, 284, 285, 286, 289, 290, 292, 294, 295, 296, 297, 298, 300, 301, 302, 304, 305, 308, 309, 310, 313, 314, 315, 316, 317, 318, 319, 321, 323, 325, 329, 330, 331, 337, 340, 341, 342, 343, 349, 352, 353, 355, 356, 357, 365, 367, 369, 377, 378, 385, 396, 398, 399, 400, 401, 403, 405, 407, 408, 410, 412, 414, 415, 422, 423, 425, 426, 433, 436, 447, 448, 451, 452, 453, 454, 456, 457, 458, 459, 460, 461, 462, 463, 464, 467, 469, 470, 471, 477, 479, 480, 481, 482, 485, 486, 487, 489, 490, 491, 492, 493, 494, 495, 496, 497, 498, 500, 501, 502, 503, 505, 506, 508, 509, 512, 513, 514, 518, 519, 520, 521, 529, 532, 534, 536, 537, 538, 539, 543, 545, 546, 550, 552, 553, 554, 556, 557, 558, 561, 569, 570, 571, 572, 575, 577, 579, 581, 582, 583, 584, 586, 587, 588, 589, 590, 592, 593, 594, 595, 596, 597, 598, 600, 602, 604, 605, 614, 616, 631, 636, 641, 646, 651, 657, 660, 661, 663, 666, 669, 672, 673, 675, 676, 677, 679, 680, 682, 683, 684, 685, 686, 687, 689, 690, 691, 692, 693, 694, 696, 703, 704, 712, 713, 720, 722, 723, 724, 726, 727, 729, 730, 732, 733, 734, 735, 736, 737, 738, 739, 742, 743, 751, 752, 753, 755, 756, 757, 764, 765, 768, 769], "excluded_lines": []}}}, "source/config/__init__.py": {"executed_lines": [], "summary": {"covered_lines": 0, "num_statements": 0, "percent_covered": 100.0, "percent_covered_display": "100", "missing_lines": 0, "excluded_lines": 0, "percent_statements_covered": 100.0, "percent_statements_covered_display": "100"}, "missing_lines": [], "excluded_lines": [], "functions": {"": {"executed_lines": [], "summary": {"covered_lines": 0, "num_statements": 0, "percent_covered": 100.0, "percent_covered_display": "100", "missing_lines": 0, "excluded_lines": 0, "percent_statements_covered": 100.0, "percent_statements_covered_display": "100"}, "missing_lines": [], "excluded_lines": []}}, "classes": {"": {"executed_lines": [], "summary": {"covered_lines": 0, "num_statements": 0, "percent_covered": 100.0, "percent_covered_display": "100", "missing_lines": 0, "excluded_lines": 0, "percent_statements_covered": 100.0, "percent_statements_covered_display": "100"}, "missing_lines": [], "excluded_lines": []}}}, "source/config/loader.py": {"executed_lines": [], "summary": {"covered_lines": 0, "num_statements": 42, "percent_covered": 0.0, "percent_covered_display": "0", "missing_lines": 42, "excluded_lines": 0, "percent_statements_covered": 0.0, "percent_statements_covered_display": "0"}, "missing_lines": [1, 2, 3, 5, 6, 9, 10, 11, 12, 13, 16, 17, 20, 21, 24, 25, 26, 27, 28, 29, 31, 32, 33, 34, 35, 36, 39, 42, 44, 45, 46, 47, 49, 50, 52, 53, 54, 56, 57, 59, 60, 61], "excluded_lines": [], "functions": {"load_yaml": {"executed_lines": [], "summary": {"covered_lines": 0, "num_statements": 4, "percent_covered": 0.0, "percent_covered_display": "0", "missing_lines": 4, "excluded_lines": 0, "percent_statements_covered": 0.0, "percent_statements_covered_display": "0"}, "missing_lines": [10, 11, 12, 13], "excluded_lines": []}, "load_config": {"executed_lines": [], "summary": {"covered_lines": 0, "num_statements": 1, "percent_covered": 0.0, "percent_covered_display": "0", "missing_lines": 1, "excluded_lines": 0, "percent_statements_covered": 0.0, "percent_statements_covered_display": "0"}, "missing_lines": [17], "excluded_lines": []}, "load_secrets": {"executed_lines": [], "summary": {"covered_lines": 0, "num_statements": 1, "percent_covered": 0.0, "percent_covered_display": "0", "missing_lines": 1, "excluded_lines": 0, "percent_statements_covered": 0.0, "percent_statements_covered_display": "0"}, "missing_lines": [21], "excluded_lines": []}, "validate_secrets_file": {"executed_lines": [], "summary": {"covered_lines": 0, "num_statements": 11, "percent_covered": 0.0, "percent_covered_display": "0", "missing_lines": 11, "excluded_lines": 0, "percent_statements_covered": 0.0, "percent_statements_covered_display": "0"}, "missing_lines": [25, 26, 27, 28, 29, 31, 32, 33, 34, 35, 36], "excluded_lines": []}, "ConfigLoader.__init__": {"executed_lines": [], "summary": {"covered_lines": 0, "num_statements": 4, "percent_covered": 0.0, "percent_covered_display": "0", "missing_lines": 4, "excluded_lines": 0, "percent_statements_covered": 0.0, "percent_statements_covered_display": "0"}, "missing_lines": [44, 45, 46, 47], "excluded_lines": []}, "ConfigLoader.config": {"executed_lines": [], "summary": {"covered_lines": 0, "num_statements": 3, "percent_covered": 0.0, "percent_covered_display": "0", "missing_lines": 3, "excluded_lines": 0, "percent_statements_covered": 0.0, "percent_statements_covered_display": "0"}, "missing_lines": [52, 53, 54], "excluded_lines": []}, "ConfigLoader.secrets": {"executed_lines": [], "summary": {"covered_lines": 0, "num_statements": 3, "percent_covered": 0.0, "percent_covered_display": "0", "missing_lines": 3, "excluded_lines": 0, "percent_statements_covered": 0.0, "percent_statements_covered_display": "0"}, "missing_lines": [59, 60, 61], "excluded_lines": []}, "": {"executed_lines": [], "summary": {"covered_lines": 0, "num_statements": 15, "percent_covered": 0.0, "percent_covered_display": "0", "missing_lines": 15, "excluded_lines": 0, "percent_statements_covered": 0.0, "percent_statements_covered_display": "0"}, "missing_lines": [1, 2, 3, 5, 6, 9, 16, 20, 24, 39, 42, 49, 50, 56, 57], "excluded_lines": []}}, "classes": {"ConfigLoader": {"executed_lines": [], "summary": {"covered_lines": 0, "num_statements": 10, "percent_covered": 0.0, "percent_covered_display": "0", "missing_lines": 10, "excluded_lines": 0, "percent_statements_covered": 0.0, "percent_statements_covered_display": "0"}, "missing_lines": [44, 45, 46, 47, 52, 53, 54, 59, 60, 61], "excluded_lines": []}, "": {"executed_lines": [], "summary": {"covered_lines": 0, "num_statements": 32, "percent_covered": 0.0, "percent_covered_display": "0", "missing_lines": 32, "excluded_lines": 0, "percent_statements_covered": 0.0, "percent_statements_covered_display": "0"}, "missing_lines": [1, 2, 3, 5, 6, 9, 10, 11, 12, 13, 16, 17, 20, 21, 24, 25, 26, 27, 28, 29, 31, 32, 33, 34, 35, 36, 39, 42, 49, 50, 56, 57], "excluded_lines": []}}}, "source/config/validator.py": {"executed_lines": [], "summary": {"covered_lines": 0, "num_statements": 66, "percent_covered": 0.0, "percent_covered_display": "0", "missing_lines": 66, "excluded_lines": 0, "percent_statements_covered": 0.0, "percent_statements_covered_display": "0"}, "missing_lines": [1, 2, 4, 5, 8, 9, 11, 12, 13, 15, 16, 17, 19, 20, 21, 23, 24, 25, 27, 28, 29, 32, 33, 35, 36, 37, 40, 41, 42, 45, 46, 47, 49, 52, 53, 55, 56, 57, 58, 59, 61, 62, 63, 64, 65, 66, 69, 70, 71, 72, 73, 74, 75, 76, 77, 78, 80, 83, 84, 86, 87, 88, 90, 91, 92, 94], "excluded_lines": [], "functions": {"validate_config": {"executed_lines": [], "summary": {"covered_lines": 0, "num_statements": 28, "percent_covered": 0.0, "percent_covered_display": "0", "missing_lines": 28, "excluded_lines": 0, "percent_statements_covered": 0.0, "percent_statements_covered_display": "0"}, "missing_lines": [9, 11, 12, 13, 15, 16, 17, 19, 20, 21, 23, 24, 25, 27, 28, 29, 32, 33, 35, 36, 37, 40, 41, 42, 45, 46, 47, 49], "excluded_lines": []}, "validate_secrets": {"executed_lines": [], "summary": {"covered_lines": 0, "num_statements": 23, "percent_covered": 0.0, "percent_covered_display": "0", "missing_lines": 23, "excluded_lines": 0, "percent_statements_covered": 0.0, "percent_statements_covered_display": "0"}, "missing_lines": [53, 55, 56, 57, 58, 59, 61, 62, 63, 64, 65, 66, 69, 70, 71, 72, 73, 74, 75, 76, 77, 78, 80], "excluded_lines": []}, "validate_schema": {"executed_lines": [], "summary": {"covered_lines": 0, "num_statements": 8, "percent_covered": 0.0, "percent_covered_display": "0", "missing_lines": 8, "excluded_lines": 0, "percent_statements_covered": 0.0, "percent_statements_covered_display": "0"}, "missing_lines": [84, 86, 87, 88, 90, 91, 92, 94], "excluded_lines": []}, "": {"executed_lines": [], "summary": {"covered_lines": 0, "num_statements": 7, "percent_covered": 0.0, "percent_covered_display": "0", "missing_lines": 7, "excluded_lines": 0, "percent_statements_covered": 0.0, "percent_statements_covered_display": "0"}, "missing_lines": [1, 2, 4, 5, 8, 52, 83], "excluded_lines": []}}, "classes": {"": {"executed_lines": [], "summary": {"covered_lines": 0, "num_statements": 66, "percent_covered": 0.0, "percent_covered_display": "0", "missing_lines": 66, "excluded_lines": 0, "percent_statements_covered": 0.0, "percent_statements_covered_display": "0"}, "missing_lines": [1, 2, 4, 5, 8, 9, 11, 12, 13, 15, 16, 17, 19, 20, 21, 23, 24, 25, 27, 28, 29, 32, 33, 35, 36, 37, 40, 41, 42, 45, 46, 47, 49, 52, 53, 55, 56, 57, 58, 59, 61, 62, 63, 64, 65, 66, 69, 70, 71, 72, 73, 74, 75, 76, 77, 78, 80, 83, 84, 86, 87, 88, 90, 91, 92, 94], "excluded_lines": []}}}, "source/evaluation.py": {"executed_lines": [], "summary": {"covered_lines": 0, "num_statements": 218, "percent_covered": 0.0, "percent_covered_display": "0", "missing_lines": 218, "excluded_lines": 0, "percent_statements_covered": 0.0, "percent_statements_covered_display": "0"}, "missing_lines": [14, 15, 16, 17, 18, 19, 20, 21, 22, 25, 27, 30, 32, 33, 34, 35, 36, 39, 50, 51, 52, 54, 64, 65, 66, 69, 75, 77, 78, 79, 86, 87, 88, 91, 98, 99, 102, 110, 113, 114, 117, 120, 127, 128, 131, 147, 150, 151, 157, 159, 186, 188, 196, 198, 199, 200, 207, 219, 220, 221, 222, 223, 225, 236, 237, 238, 241, 256, 258, 259, 260, 266, 267, 268, 269, 270, 272, 274, 275, 278, 279, 281, 282, 284, 285, 286, 289, 290, 291, 292, 295, 296, 298, 301, 302, 304, 307, 308, 309, 311, 313, 316, 317, 318, 319, 322, 329, 331, 343, 345, 353, 355, 356, 357, 364, 375, 376, 377, 378, 380, 390, 391, 392, 395, 401, 403, 404, 410, 411, 412, 413, 414, 416, 417, 418, 419, 420, 421, 422, 425, 426, 427, 430, 431, 434, 435, 437, 438, 441, 442, 443, 446, 447, 448, 451, 452, 453, 456, 457, 460, 467, 469, 487, 489, 497, 499, 500, 501, 508, 523, 524, 526, 527, 528, 531, 532, 533, 534, 536, 537, 538, 540, 541, 542, 545, 547, 548, 549, 551, 554, 567, 573, 574, 582, 583, 584, 586, 587, 588, 589, 590, 591, 592, 593, 594, 595, 597, 600, 601, 602, 608, 615, 617, 618, 622, 623, 624, 625], "excluded_lines": [], "functions": {"load_config": {"executed_lines": [], "summary": {"covered_lines": 0, "num_statements": 5, "percent_covered": 0.0, "percent_covered_display": "0", "missing_lines": 5, "excluded_lines": 0, "percent_statements_covered": 0.0, "percent_statements_covered_display": "0"}, "missing_lines": [32, 33, 34, 35, 36], "excluded_lines": []}, "CollectionCompletenessEvaluator.__init__": {"executed_lines": [], "summary": {"covered_lines": 0, "num_statements": 2, "percent_covered": 0.0, "percent_covered_display": "0", "missing_lines": 2, "excluded_lines": 0, "percent_statements_covered": 0.0, "percent_statements_covered_display": "0"}, "missing_lines": [51, 52], "excluded_lines": []}, "CollectionCompletenessEvaluator.evaluate": {"executed_lines": [], "summary": {"covered_lines": 0, "num_statements": 34, "percent_covered": 0.0, "percent_covered_display": "0", "missing_lines": 34, "excluded_lines": 0, "percent_statements_covered": 0.0, "percent_statements_covered_display": "0"}, "missing_lines": [64, 65, 66, 69, 75, 77, 78, 79, 86, 87, 88, 91, 98, 99, 102, 110, 113, 114, 117, 120, 127, 128, 131, 147, 150, 151, 157, 159, 186, 188, 196, 198, 199, 200], "excluded_lines": []}, "DataQualityCorrectnessEvaluator.__init__": {"executed_lines": [], "summary": {"covered_lines": 0, "num_statements": 4, "percent_covered": 0.0, "percent_covered_display": "0", "missing_lines": 4, "excluded_lines": 0, "percent_statements_covered": 0.0, "percent_statements_covered_display": "0"}, "missing_lines": [220, 221, 222, 223], "excluded_lines": []}, "DataQualityCorrectnessEvaluator.evaluate": {"executed_lines": [], "summary": {"covered_lines": 0, "num_statements": 51, "percent_covered": 0.0, "percent_covered_display": "0", "missing_lines": 51, "excluded_lines": 0, "percent_statements_covered": 0.0, "percent_statements_covered_display": "0"}, "missing_lines": [236, 237, 238, 241, 256, 258, 259, 260, 266, 267, 268, 269, 270, 272, 274, 275, 278, 279, 281, 282, 284, 285, 286, 289, 290, 291, 292, 295, 296, 298, 301, 302, 304, 307, 308, 309, 311, 313, 316, 317, 318, 319, 322, 329, 331, 343, 345, 353, 355, 356, 357], "excluded_lines": []}, "SystemReliabilityEvaluator.__init__": {"executed_lines": [], "summary": {"covered_lines": 0, "num_statements": 3, "percent_covered": 0.0, "percent_covered_display": "0", "missing_lines": 3, "excluded_lines": 0, "percent_statements_covered": 0.0, "percent_statements_covered_display": "0"}, "missing_lines": [376, 377, 378], "excluded_lines": []}, "SystemReliabilityEvaluator.evaluate": {"executed_lines": [], "summary": {"covered_lines": 0, "num_statements": 48, "percent_covered": 0.0, "percent_covered_display": "0", "missing_lines": 48, "excluded_lines": 0, "percent_statements_covered": 0.0, "percent_statements_covered_display": "0"}, "missing_lines": [390, 391, 392, 395, 401, 403, 404, 410, 411, 412, 413, 414, 416, 417, 418, 419, 420, 421, 422, 425, 426, 427, 430, 431, 434, 435, 437, 438, 441, 442, 443, 446, 447, 448, 451, 452, 453, 456, 457, 460, 467, 469, 487, 489, 497, 499, 500, 501], "excluded_lines": []}, "run_evaluation": {"executed_lines": [], "summary": {"covered_lines": 0, "num_statements": 38, "percent_covered": 0.0, "percent_covered_display": "0", "missing_lines": 38, "excluded_lines": 0, "percent_statements_covered": 0.0, "percent_statements_covered_display": "0"}, "missing_lines": [523, 524, 526, 527, 528, 531, 532, 533, 534, 536, 537, 538, 540, 541, 542, 545, 547, 548, 549, 551, 554, 567, 573, 574, 582, 583, 584, 586, 587, 588, 589, 590, 591, 592, 593, 594, 595, 597], "excluded_lines": []}, "": {"executed_lines": [], "summary": {"covered_lines": 0, "num_statements": 33, "percent_covered": 0.0, "percent_covered_display": "0", "missing_lines": 33, "excluded_lines": 0, "percent_statements_covered": 0.0, "percent_statements_covered_display": "0"}, "missing_lines": [14, 15, 16, 17, 18, 19, 20, 21, 22, 25, 27, 30, 39, 50, 54, 207, 219, 225, 364, 375, 380, 508, 600, 601, 602, 608, 615, 617, 618, 622, 623, 624, 625], "excluded_lines": []}}, "classes": {"CollectionCompletenessEvaluator": {"executed_lines": [], "summary": {"covered_lines": 0, "num_statements": 36, "percent_covered": 0.0, "percent_covered_display": "0", "missing_lines": 36, "excluded_lines": 0, "percent_statements_covered": 0.0, "percent_statements_covered_display": "0"}, "missing_lines": [51, 52, 64, 65, 66, 69, 75, 77, 78, 79, 86, 87, 88, 91, 98, 99, 102, 110, 113, 114, 117, 120, 127, 128, 131, 147, 150, 151, 157, 159, 186, 188, 196, 198, 199, 200], "excluded_lines": []}, "DataQualityCorrectnessEvaluator": {"executed_lines": [], "summary": {"covered_lines": 0, "num_statements": 55, "percent_covered": 0.0, "percent_covered_display": "0", "missing_lines": 55, "excluded_lines": 0, "percent_statements_covered": 0.0, "percent_statements_covered_display": "0"}, "missing_lines": [220, 221, 222, 223, 236, 237, 238, 241, 256, 258, 259, 260, 266, 267, 268, 269, 270, 272, 274, 275, 278, 279, 281, 282, 284, 285, 286, 289, 290, 291, 292, 295, 296, 298, 301, 302, 304, 307, 308, 309, 311, 313, 316, 317, 318, 319, 322, 329, 331, 343, 345, 353, 355, 356, 357], "excluded_lines": []}, "SystemReliabilityEvaluator": {"executed_lines": [], "summary": {"covered_lines": 0, "num_statements": 51, "percent_covered": 0.0, "percent_covered_display": "0", "missing_lines": 51, "excluded_lines": 0, "percent_statements_covered": 0.0, "percent_statements_covered_display": "0"}, "missing_lines": [376, 377, 378, 390, 391, 392, 395, 401, 403, 404, 410, 411, 412, 413, 414, 416, 417, 418, 419, 420, 421, 422, 425, 426, 427, 430, 431, 434, 435, 437, 438, 441, 442, 443, 446, 447, 448, 451, 452, 453, 456, 457, 460, 467, 469, 487, 489, 497, 499, 500, 501], "excluded_lines": []}, "": {"executed_lines": [], "summary": {"covered_lines": 0, "num_statements": 76, "percent_covered": 0.0, "percent_covered_display": "0", "missing_lines": 76, "excluded_lines": 0, "percent_statements_covered": 0.0, "percent_statements_covered_display": "0"}, "missing_lines": [14, 15, 16, 17, 18, 19, 20, 21, 22, 25, 27, 30, 32, 33, 34, 35, 36, 39, 50, 54, 207, 219, 225, 364, 375, 380, 508, 523, 524, 526, 527, 528, 531, 532, 533, 534, 536, 537, 538, 540, 541, 542, 545, 547, 548, 549, 551, 554, 567, 573, 574, 582, 583, 584, 586, 587, 588, 589, 590, 591, 592, 593, 594, 595, 597, 600, 601, 602, 608, 615, 617, 618, 622, 623, 624, 625], "excluded_lines": []}}}, "source/health_check.py": {"executed_lines": [1, 9, 10, 11, 12, 13, 14, 15, 16, 17, 19, 22, 23, 24, 25, 26, 29, 30, 31, 32, 33, 34, 37, 38, 39, 40, 41, 42, 43, 44, 46, 48, 49, 50, 52, 53, 54, 56, 57, 58, 59, 60, 61, 63, 69, 75, 76, 77, 79, 87, 92, 94, 96, 98, 100, 101, 103, 106, 107, 109, 117, 118, 119, 126, 133, 136, 138, 139, 146, 148, 151, 153, 154, 155, 157, 158, 159, 160, 161, 163, 164, 165, 166, 167, 169, 171, 172, 173, 175, 176, 178, 183, 184, 186, 187, 190, 191, 195, 196, 198, 202, 204, 206, 207, 208, 211, 213, 216, 217, 218, 220, 223, 224, 226, 229, 230, 231, 232, 233, 234, 236, 237, 239, 248, 274, 318, 371, 439, 482, 548, 610, 670], "summary": {"covered_lines": 120, "num_statements": 276, "percent_covered": 43.47826086956522, "percent_covered_display": "43", "missing_lines": 156, "excluded_lines": 0, "percent_statements_covered": 43.47826086956522, "percent_statements_covered_display": "43"}, "missing_lines": [51, 64, 65, 66, 67, 70, 71, 72, 73, 80, 81, 82, 83, 88, 89, 90, 95, 97, 140, 141, 144, 180, 192, 193, 200, 221, 256, 266, 267, 269, 271, 281, 282, 284, 285, 287, 288, 295, 296, 297, 303, 309, 310, 311, 325, 326, 328, 329, 332, 338, 340, 341, 348, 349, 350, 356, 362, 363, 364, 379, 380, 382, 383, 386, 387, 388, 391, 392, 394, 395, 402, 403, 409, 410, 411, 418, 419, 420, 421, 422, 424, 430, 431, 432, 446, 447, 449, 452, 454, 455, 461, 467, 468, 473, 474, 475, 489, 490, 492, 493, 496, 497, 500, 501, 507, 508, 515, 516, 523, 524, 526, 527, 533, 539, 540, 541, 555, 557, 558, 560, 561, 562, 565, 568, 570, 571, 577, 583, 584, 589, 590, 595, 596, 601, 602, 603, 617, 618, 620, 621, 622, 625, 626, 627, 633, 634, 641, 642, 643, 649, 655, 656, 661, 662, 663, 671], "excluded_lines": [], "functions": {"HealthCheckResult.format_output": {"executed_lines": [48, 49, 56, 57, 58, 59, 60, 61, 63, 69, 75, 76, 77, 79, 87, 92, 94, 96, 98, 100, 101, 103], "summary": {"covered_lines": 22, "num_statements": 39, "percent_covered": 56.41025641025641, "percent_covered_display": "56", "missing_lines": 17, "excluded_lines": 0, "percent_statements_covered": 56.41025641025641, "percent_statements_covered_display": "56"}, "missing_lines": [64, 65, 66, 67, 70, 71, 72, 73, 80, 81, 82, 83, 88, 89, 90, 95, 97], "excluded_lines": []}, "HealthCheckResult.format_output.sanitize": {"executed_lines": [50, 52, 53, 54], "summary": {"covered_lines": 4, "num_statements": 5, "percent_covered": 80.0, "percent_covered_display": "80", "missing_lines": 1, "excluded_lines": 0, "percent_statements_covered": 80.0, "percent_statements_covered_display": "80"}, "missing_lines": [51], "excluded_lines": []}, "HealthCheck.__init__": {"executed_lines": [117, 118, 119], "summary": {"covered_lines": 3, "num_statements": 3, "percent_covered": 100.0, "percent_covered_display": "100", "missing_lines": 0, "excluded_lines": 0, "percent_statements_covered": 100.0, "percent_statements_covered_display": "100"}, "missing_lines": [], "excluded_lines": []}, "HealthCheck.run": {"executed_lines": [133, 136, 138, 139, 146, 148, 151, 153, 154, 155, 157, 163, 164, 165, 166, 167, 169, 171, 172, 173, 175, 176, 178, 183, 184, 186, 187, 190, 191, 195, 196, 198, 202, 204, 206, 207, 208, 211], "summary": {"covered_lines": 38, "num_statements": 45, "percent_covered": 84.44444444444444, "percent_covered_display": "84", "missing_lines": 7, "excluded_lines": 0, "percent_statements_covered": 84.44444444444444, "percent_statements_covered_display": "84"}, "missing_lines": [140, 141, 144, 180, 192, 193, 200], "excluded_lines": []}, "HealthCheck.run.target": {"executed_lines": [158, 159, 160, 161], "summary": {"covered_lines": 4, "num_statements": 4, "percent_covered": 100.0, "percent_covered_display": "100", "missing_lines": 0, "excluded_lines": 0, "percent_statements_covered": 100.0, "percent_statements_covered_display": "100"}, "missing_lines": [], "excluded_lines": []}, "HealthCheck._sanitize_message": {"executed_lines": [216, 217, 218, 220, 223, 224], "summary": {"covered_lines": 6, "num_statements": 7, "percent_covered": 85.71428571428571, "percent_covered_display": "86", "missing_lines": 1, "excluded_lines": 0, "percent_statements_covered": 85.71428571428571, "percent_statements_covered_display": "86"}, "missing_lines": [221], "excluded_lines": []}, "HealthCheck._aggregate_results": {"executed_lines": [229, 230, 231, 232, 233, 234, 236, 237, 239], "summary": {"covered_lines": 9, "num_statements": 9, "percent_covered": 100.0, "percent_covered_display": "100", "missing_lines": 0, "excluded_lines": 0, "percent_statements_covered": 100.0, "percent_statements_covered_display": "100"}, "missing_lines": [], "excluded_lines": []}, "run_health_check": {"executed_lines": [], "summary": {"covered_lines": 0, "num_statements": 5, "percent_covered": 0.0, "percent_covered_display": "0", "missing_lines": 5, "excluded_lines": 0, "percent_statements_covered": 0.0, "percent_statements_covered_display": "0"}, "missing_lines": [256, 266, 267, 269, 271], "excluded_lines": []}, "validate_wal_mode": {"executed_lines": [], "summary": {"covered_lines": 0, "num_statements": 13, "percent_covered": 0.0, "percent_covered_display": "0", "missing_lines": 13, "excluded_lines": 0, "percent_statements_covered": 0.0, "percent_statements_covered_display": "0"}, "missing_lines": [281, 282, 284, 285, 287, 288, 295, 296, 297, 303, 309, 310, 311], "excluded_lines": []}, "validate_configuration": {"executed_lines": [], "summary": {"covered_lines": 0, "num_statements": 15, "percent_covered": 0.0, "percent_covered_display": "0", "missing_lines": 15, "excluded_lines": 0, "percent_statements_covered": 0.0, "percent_statements_covered_display": "0"}, "missing_lines": [325, 326, 328, 329, 332, 338, 340, 341, 348, 349, 350, 356, 362, 363, 364], "excluded_lines": []}, "validate_secrets": {"executed_lines": [], "summary": {"covered_lines": 0, "num_statements": 25, "percent_covered": 0.0, "percent_covered_display": "0", "missing_lines": 25, "excluded_lines": 0, "percent_statements_covered": 0.0, "percent_statements_covered_display": "0"}, "missing_lines": [379, 380, 382, 383, 386, 387, 388, 391, 392, 394, 395, 402, 403, 409, 410, 411, 418, 419, 420, 421, 422, 424, 430, 431, 432], "excluded_lines": []}, "validate_database_write": {"executed_lines": [], "summary": {"covered_lines": 0, "num_statements": 12, "percent_covered": 0.0, "percent_covered_display": "0", "missing_lines": 12, "excluded_lines": 0, "percent_statements_covered": 0.0, "percent_statements_covered_display": "0"}, "missing_lines": [446, 447, 449, 452, 454, 455, 461, 467, 468, 473, 474, 475], "excluded_lines": []}, "validate_log_rotation_config": {"executed_lines": [], "summary": {"covered_lines": 0, "num_statements": 20, "percent_covered": 0.0, "percent_covered_display": "0", "missing_lines": 20, "excluded_lines": 0, "percent_statements_covered": 0.0, "percent_statements_covered_display": "0"}, "missing_lines": [489, 490, 492, 493, 496, 497, 500, 501, 507, 508, 515, 516, 523, 524, 526, 527, 533, 539, 540, 541], "excluded_lines": []}, "validate_hue_bridge_connectivity": {"executed_lines": [], "summary": {"covered_lines": 0, "num_statements": 20, "percent_covered": 0.0, "percent_covered_display": "0", "missing_lines": 20, "excluded_lines": 0, "percent_statements_covered": 0.0, "percent_statements_covered_display": "0"}, "missing_lines": [555, 557, 558, 560, 561, 562, 565, 568, 570, 571, 577, 583, 584, 589, 590, 595, 596, 601, 602, 603], "excluded_lines": []}, "validate_amazon_aqm_connectivity": {"executed_lines": [], "summary": {"covered_lines": 0, "num_statements": 19, "percent_covered": 0.0, "percent_covered_display": "0", "missing_lines": 19, "excluded_lines": 0, "percent_statements_covered": 0.0, "percent_statements_covered_display": "0"}, "missing_lines": [617, 618, 620, 621, 622, 625, 626, 627, 633, 634, 641, 642, 643, 649, 655, 656, 661, 662, 663], "excluded_lines": []}, "": {"executed_lines": [1, 9, 10, 11, 12, 13, 14, 15, 16, 17, 19, 22, 23, 24, 25, 26, 29, 30, 31, 32, 33, 34, 37, 38, 39, 40, 41, 42, 43, 44, 46, 106, 107, 109, 126, 213, 226, 248, 274, 318, 371, 439, 482, 548, 610, 670], "summary": {"covered_lines": 34, "num_statements": 35, "percent_covered": 97.14285714285714, "percent_covered_display": "97", "missing_lines": 1, "excluded_lines": 0, "percent_statements_covered": 97.14285714285714, "percent_statements_covered_display": "97"}, "missing_lines": [671], "excluded_lines": []}}, "classes": {"HealthStatus": {"executed_lines": [], "summary": {"covered_lines": 0, "num_statements": 0, "percent_covered": 100.0, "percent_covered_display": "100", "missing_lines": 0, "excluded_lines": 0, "percent_statements_covered": 100.0, "percent_statements_covered_display": "100"}, "missing_lines": [], "excluded_lines": []}, "ComponentValidator": {"executed_lines": [], "summary": {"covered_lines": 0, "num_statements": 0, "percent_covered": 100.0, "percent_covered_display": "100", "missing_lines": 0, "excluded_lines": 0, "percent_statements_covered": 100.0, "percent_statements_covered_display": "100"}, "missing_lines": [], "excluded_lines": []}, "HealthCheckResult": {"executed_lines": [48, 49, 50, 52, 53, 54, 56, 57, 58, 59, 60, 61, 63, 69, 75, 76, 77, 79, 87, 92, 94, 96, 98, 100, 101, 103], "summary": {"covered_lines": 26, "num_statements": 44, "percent_covered": 59.09090909090909, "percent_covered_display": "59", "missing_lines": 18, "excluded_lines": 0, "percent_statements_covered": 59.09090909090909, "percent_statements_covered_display": "59"}, "missing_lines": [51, 64, 65, 66, 67, 70, 71, 72, 73, 80, 81, 82, 83, 88, 89, 90, 95, 97], "excluded_lines": []}, "HealthCheck": {"executed_lines": [117, 118, 119, 133, 136, 138, 139, 146, 148, 151, 153, 154, 155, 157, 158, 159, 160, 161, 163, 164, 165, 166, 167, 169, 171, 172, 173, 175, 176, 178, 183, 184, 186, 187, 190, 191, 195, 196, 198, 202, 204, 206, 207, 208, 211, 216, 217, 218, 220, 223, 224, 229, 230, 231, 232, 233, 234, 236, 237, 239], "summary": {"covered_lines": 60, "num_statements": 68, "percent_covered": 88.23529411764706, "percent_covered_display": "88", "missing_lines": 8, "excluded_lines": 0, "percent_statements_covered": 88.23529411764706, "percent_statements_covered_display": "88"}, "missing_lines": [140, 141, 144, 180, 192, 193, 200, 221], "excluded_lines": []}, "": {"executed_lines": [1, 9, 10, 11, 12, 13, 14, 15, 16, 17, 19, 22, 23, 24, 25, 26, 29, 30, 31, 32, 33, 34, 37, 38, 39, 40, 41, 42, 43, 44, 46, 106, 107, 109, 126, 213, 226, 248, 274, 318, 371, 439, 482, 548, 610, 670], "summary": {"covered_lines": 34, "num_statements": 164, "percent_covered": 20.73170731707317, "percent_covered_display": "21", "missing_lines": 130, "excluded_lines": 0, "percent_statements_covered": 20.73170731707317, "percent_statements_covered_display": "21"}, "missing_lines": [256, 266, 267, 269, 271, 281, 282, 284, 285, 287, 288, 295, 296, 297, 303, 309, 310, 311, 325, 326, 328, 329, 332, 338, 340, 341, 348, 349, 350, 356, 362, 363, 364, 379, 380, 382, 383, 386, 387, 388, 391, 392, 394, 395, 402, 403, 409, 410, 411, 418, 419, 420, 421, 422, 424, 430, 431, 432, 446, 447, 449, 452, 454, 455, 461, 467, 468, 473, 474, 475, 489, 490, 492, 493, 496, 497, 500, 501, 507, 508, 515, 516, 523, 524, 526, 527, 533, 539, 540, 541, 555, 557, 558, 560, 561, 562, 565, 568, 570, 571, 577, 583, 584, 589, 590, 595, 596, 601, 602, 603, 617, 618, 620, 621, 622, 625, 626, 627, 633, 634, 641, 642, 643, 649, 655, 656, 661, 662, 663, 671], "excluded_lines": []}}}, "source/storage/__init__.py": {"executed_lines": [0], "summary": {"covered_lines": 0, "num_statements": 0, "percent_covered": 100.0, "percent_covered_display": "100", "missing_lines": 0, "excluded_lines": 0, "percent_statements_covered": 100.0, "percent_statements_covered_display": "100"}, "missing_lines": [], "excluded_lines": [], "functions": {"": {"executed_lines": [], "summary": {"covered_lines": 0, "num_statements": 0, "percent_covered": 100.0, "percent_covered_display": "100", "missing_lines": 0, "excluded_lines": 0, "percent_statements_covered": 100.0, "percent_statements_covered_display": "100"}, "missing_lines": [], "excluded_lines": []}}, "classes": {"": {"executed_lines": [], "summary": {"covered_lines": 0, "num_statements": 0, "percent_covered": 100.0, "percent_covered_display": "100", "missing_lines": 0, "excluded_lines": 0, "percent_statements_covered": 100.0, "percent_statements_covered_display": "100"}, "missing_lines": [], "excluded_lines": []}}}, "source/storage/device_manager.py": {"executed_lines": [], "summary": {"covered_lines": 0, "num_statements": 83, "percent_covered": 0.0, "percent_covered_display": "0", "missing_lines": 83, "excluded_lines": 0, "percent_statements_covered": 0.0, "percent_statements_covered_display": "0"}, "missing_lines": [18, 19, 20, 21, 22, 23, 26, 27, 28, 29, 30, 31, 33, 34, 36, 39, 41, 67, 73, 79, 84, 89, 93, 98, 104, 107, 113, 114, 115, 116, 117, 118, 121, 122, 123, 124, 125, 126, 127, 128, 129, 131, 132, 135, 136, 137, 138, 139, 140, 143, 144, 145, 146, 148, 154, 155, 156, 158, 160, 161, 162, 164, 165, 166, 168, 169, 171, 172, 173, 175, 176, 177, 178, 179, 181, 183, 185, 186, 187, 190, 191, 194, 195], "excluded_lines": [], "functions": {"main": {"executed_lines": [], "summary": {"covered_lines": 0, "num_statements": 65, "percent_covered": 0.0, "percent_covered_display": "0", "missing_lines": 65, "excluded_lines": 0, "percent_statements_covered": 0.0, "percent_statements_covered_display": "0"}, "missing_lines": [41, 67, 73, 79, 84, 89, 93, 98, 104, 107, 113, 114, 115, 116, 117, 118, 121, 122, 123, 124, 125, 126, 127, 128, 129, 131, 132, 135, 136, 137, 138, 139, 140, 143, 144, 145, 146, 148, 154, 155, 156, 158, 160, 161, 162, 164, 165, 166, 168, 169, 171, 172, 173, 175, 176, 177, 178, 179, 181, 183, 185, 186, 187, 190, 191], "excluded_lines": []}, "": {"executed_lines": [], "summary": {"covered_lines": 0, "num_statements": 18, "percent_covered": 0.0, "percent_covered_display": "0", "missing_lines": 18, "excluded_lines": 0, "percent_statements_covered": 0.0, "percent_statements_covered_display": "0"}, "missing_lines": [18, 19, 20, 21, 22, 23, 26, 27, 28, 29, 30, 31, 33, 34, 36, 39, 194, 195], "excluded_lines": []}}, "classes": {"": {"executed_lines": [], "summary": {"covered_lines": 0, "num_statements": 83, "percent_covered": 0.0, "percent_covered_display": "0", "missing_lines": 83, "excluded_lines": 0, "percent_statements_covered": 0.0, "percent_statements_covered_display": "0"}, "missing_lines": [18, 19, 20, 21, 22, 23, 26, 27, 28, 29, 30, 31, 33, 34, 36, 39, 41, 67, 73, 79, 84, 89, 93, 98, 104, 107, 113, 114, 115, 116, 117, 118, 121, 122, 123, 124, 125, 126, 127, 128, 129, 131, 132, 135, 136, 137, 138, 139, 140, 143, 144, 145, 146, 148, 154, 155, 156, 158, 160, 161, 162, 164, 165, 166, 168, 169, 171, 172, 173, 175, 176, 177, 178, 179, 181, 183, 185, 186, 187, 190, 191, 194, 195], "excluded_lines": []}}}, "source/storage/manager.py": {"executed_lines": [2, 10, 11, 12, 13, 14, 16, 17, 20, 21, 31, 39, 40, 43, 44, 45, 46, 47, 48, 51, 53, 55, 58, 59, 60, 61, 63, 64, 78, 79, 80, 81, 86, 88, 91, 94, 96, 143, 144, 147, 150, 152, 174, 183, 184, 185, 186, 187, 189, 201, 202, 203, 204, 205, 206, 208, 224, 225, 228, 235, 236, 238, 239, 241, 243, 244, 245, 249, 259, 265, 269, 274, 276, 277, 278, 279, 294, 309, 357], "summary": {"covered_lines": 77, "num_statements": 165, "percent_covered": 46.666666666666664, "percent_covered_display": "47", "missing_lines": 88, "excluded_lines": 0, "percent_statements_covered": 46.666666666666664, "percent_statements_covered_display": "47"}, "missing_lines": [66, 70, 71, 82, 83, 98, 99, 102, 108, 109, 110, 111, 112, 113, 114, 115, 116, 117, 118, 119, 120, 121, 122, 123, 124, 125, 126, 127, 128, 129, 130, 131, 132, 133, 134, 135, 136, 137, 138, 140, 154, 155, 171, 172, 247, 250, 257, 260, 261, 262, 263, 267, 271, 272, 286, 287, 288, 289, 290, 291, 292, 301, 302, 303, 304, 305, 306, 307, 320, 322, 325, 333, 334, 335, 336, 339, 341, 343, 344, 345, 346, 347, 348, 349, 350, 351, 352, 353], "excluded_lines": [], "functions": {"DatabaseManager.__init__": {"executed_lines": [39, 40, 43, 44, 45, 46, 47, 48, 51], "summary": {"covered_lines": 9, "num_statements": 9, "percent_covered": 100.0, "percent_covered_display": "100", "missing_lines": 0, "excluded_lines": 0, "percent_statements_covered": 100.0, "percent_statements_covered_display": "100"}, "missing_lines": [], "excluded_lines": []}, "DatabaseManager._connect": {"executed_lines": [55, 58, 59, 60, 61, 63, 64, 78, 79, 80, 81, 86], "summary": {"covered_lines": 12, "num_statements": 17, "percent_covered": 70.58823529411765, "percent_covered_display": "71", "missing_lines": 5, "excluded_lines": 0, "percent_statements_covered": 70.58823529411765, "percent_statements_covered_display": "71"}, "missing_lines": [66, 70, 71, 82, 83], "excluded_lines": []}, "DatabaseManager.init_schema": {"executed_lines": [91, 94, 96, 143, 144, 147, 150, 152], "summary": {"covered_lines": 8, "num_statements": 47, "percent_covered": 17.02127659574468, "percent_covered_display": "17", "missing_lines": 39, "excluded_lines": 0, "percent_statements_covered": 17.02127659574468, "percent_statements_covered_display": "17"}, "missing_lines": [98, 99, 102, 108, 109, 110, 111, 112, 113, 114, 115, 116, 117, 118, 119, 120, 121, 122, 123, 124, 125, 126, 127, 128, 129, 130, 131, 132, 133, 134, 135, 136, 137, 138, 140, 154, 155, 171, 172], "excluded_lines": []}, "DatabaseManager.insert_reading": {"executed_lines": [183, 184, 185, 186, 187], "summary": {"covered_lines": 5, "num_statements": 5, "percent_covered": 100.0, "percent_covered_display": "100", "missing_lines": 0, "excluded_lines": 0, "percent_statements_covered": 100.0, "percent_statements_covered_display": "100"}, "missing_lines": [], "excluded_lines": []}, "DatabaseManager._perform_insert": {"executed_lines": [201, 202, 203, 204, 205, 206], "summary": {"covered_lines": 6, "num_statements": 6, "percent_covered": 100.0, "percent_covered_display": "100", "missing_lines": 0, "excluded_lines": 0, "percent_statements_covered": 100.0, "percent_statements_covered_display": "100"}, "missing_lines": [], "excluded_lines": []}, "DatabaseManager.insert_temperature_reading": {"executed_lines": [224, 225, 228, 235, 238, 239, 241, 243, 244, 245], "summary": {"covered_lines": 10, "num_statements": 11, "percent_covered": 90.9090909090909, "percent_covered_display": "91", "missing_lines": 1, "excluded_lines": 0, "percent_statements_covered": 90.9090909090909, "percent_statements_covered_display": "91"}, "missing_lines": [247], "excluded_lines": []}, "DatabaseManager.insert_temperature_reading.insert_with_retry": {"executed_lines": [236], "summary": {"covered_lines": 1, "num_statements": 1, "percent_covered": 100.0, "percent_covered_display": "100", "missing_lines": 0, "excluded_lines": 0, "percent_statements_covered": 100.0, "percent_statements_covered_display": "100"}, "missing_lines": [], "excluded_lines": []}, "DatabaseManager.insert_sample_reading": {"executed_lines": [], "summary": {"covered_lines": 0, "num_statements": 2, "percent_covered": 0.0, "percent_covered_display": "0", "missing_lines": 2, "excluded_lines": 0, "percent_statements_covered": 0.0, "percent_statements_covered_display": "0"}, "missing_lines": [250, 257], "excluded_lines": []}, "DatabaseManager.query_readings": {"executed_lines": [], "summary": {"covered_lines": 0, "num_statements": 4, "percent_covered": 0.0, "percent_covered_display": "0", "missing_lines": 4, "excluded_lines": 0, "percent_statements_covered": 0.0, "percent_statements_covered_display": "0"}, "missing_lines": [260, 261, 262, 263], "excluded_lines": []}, "DatabaseManager.__enter__": {"executed_lines": [], "summary": {"covered_lines": 0, "num_statements": 1, "percent_covered": 0.0, "percent_covered_display": "0", "missing_lines": 1, "excluded_lines": 0, "percent_statements_covered": 0.0, "percent_statements_covered_display": "0"}, "missing_lines": [267], "excluded_lines": []}, "DatabaseManager.__exit__": {"executed_lines": [], "summary": {"covered_lines": 0, "num_statements": 2, "percent_covered": 0.0, "percent_covered_display": "0", "missing_lines": 2, "excluded_lines": 0, "percent_statements_covered": 0.0, "percent_statements_covered_display": "0"}, "missing_lines": [271, 272], "excluded_lines": []}, "DatabaseManager.close": {"executed_lines": [276, 277, 278], "summary": {"covered_lines": 3, "num_statements": 3, "percent_covered": 100.0, "percent_covered_display": "100", "missing_lines": 0, "excluded_lines": 0, "percent_statements_covered": 100.0, "percent_statements_covered_display": "100"}, "missing_lines": [], "excluded_lines": []}, "DatabaseManager.verify_wal_mode": {"executed_lines": [], "summary": {"covered_lines": 0, "num_statements": 7, "percent_covered": 0.0, "percent_covered_display": "0", "missing_lines": 7, "excluded_lines": 0, "percent_statements_covered": 0.0, "percent_statements_covered_display": "0"}, "missing_lines": [286, 287, 288, 289, 290, 291, 292], "excluded_lines": []}, "DatabaseManager.get_wal_checkpoint_interval": {"executed_lines": [], "summary": {"covered_lines": 0, "num_statements": 7, "percent_covered": 0.0, "percent_covered_display": "0", "missing_lines": 7, "excluded_lines": 0, "percent_statements_covered": 0.0, "percent_statements_covered_display": "0"}, "missing_lines": [301, 302, 303, 304, 305, 306, 307], "excluded_lines": []}, "DatabaseManager.test_write_with_rollback": {"executed_lines": [], "summary": {"covered_lines": 0, "num_statements": 20, "percent_covered": 0.0, "percent_covered_display": "0", "missing_lines": 20, "excluded_lines": 0, "percent_statements_covered": 0.0, "percent_statements_covered_display": "0"}, "missing_lines": [320, 322, 325, 333, 334, 335, 336, 339, 341, 343, 344, 345, 346, 347, 348, 349, 350, 351, 352, 353], "excluded_lines": []}, "": {"executed_lines": [2, 10, 11, 12, 13, 14, 16, 17, 20, 21, 31, 53, 88, 174, 189, 208, 249, 259, 265, 269, 274, 279, 294, 309, 357], "summary": {"covered_lines": 23, "num_statements": 23, "percent_covered": 100.0, "percent_covered_display": "100", "missing_lines": 0, "excluded_lines": 0, "percent_statements_covered": 100.0, "percent_statements_covered_display": "100"}, "missing_lines": [], "excluded_lines": []}}, "classes": {"DatabaseManager": {"executed_lines": [39, 40, 43, 44, 45, 46, 47, 48, 51, 55, 58, 59, 60, 61, 63, 64, 78, 79, 80, 81, 86, 91, 94, 96, 143, 144, 147, 150, 152, 183, 184, 185, 186, 187, 201, 202, 203, 204, 205, 206, 224, 225, 228, 235, 236, 238, 239, 241, 243, 244, 245, 276, 277, 278], "summary": {"covered_lines": 54, "num_statements": 142, "percent_covered": 38.028169014084504, "percent_covered_display": "38", "missing_lines": 88, "excluded_lines": 0, "percent_statements_covered": 38.028169014084504, "percent_statements_covered_display": "38"}, "missing_lines": [66, 70, 71, 82, 83, 98, 99, 102, 108, 109, 110, 111, 112, 113, 114, 115, 116, 117, 118, 119, 120, 121, 122, 123, 124, 125, 126, 127, 128, 129, 130, 131, 132, 133, 134, 135, 136, 137, 138, 140, 154, 155, 171, 172, 247, 250, 257, 260, 261, 262, 263, 267, 271, 272, 286, 287, 288, 289, 290, 291, 292, 301, 302, 303, 304, 305, 306, 307, 320, 322, 325, 333, 334, 335, 336, 339, 341, 343, 344, 345, 346, 347, 348, 349, 350, 351, 352, 353], "excluded_lines": []}, "": {"executed_lines": [2, 10, 11, 12, 13, 14, 16, 17, 20, 21, 31, 53, 88, 174, 189, 208, 249, 259, 265, 269, 274, 279, 294, 309, 357], "summary": {"covered_lines": 23, "num_statements": 23, "percent_covered": 100.0, "percent_covered_display": "100", "missing_lines": 0, "excluded_lines": 0, "percent_statements_covered": 100.0, "percent_statements_covered_display": "100"}, "missing_lines": [], "excluded_lines": []}}}, "source/storage/schema.py": {"executed_lines": [2], "summary": {"covered_lines": 1, "num_statements": 1, "percent_covered": 100.0, "percent_covered_display": "100", "missing_lines": 0, "excluded_lines": 0, "percent_statements_covered": 100.0, "percent_statements_covered_display": "100"}, "missing_lines": [], "excluded_lines": [], "functions": {"": {"executed_lines": [2], "summary": {"covered_lines": 1, "num_statements": 1, "percent_covered": 100.0, "percent_covered_display": "100", "missing_lines": 0, "excluded_lines": 0, "percent_statements_covered": 100.0, "percent_statements_covered_display": "100"}, "missing_lines": [], "excluded_lines": []}}, "classes": {"": {"executed_lines": [2], "summary": {"covered_lines": 1, "num_statements": 1, "percent_covered": 100.0, "percent_covered_display": "100", "missing_lines": 0, "excluded_lines": 0, "percent_statements_c
[...]
, 70, 71, 72, 76, 80, 81, 83, 94, 95, 96, 98, 106, 107, 109, 110, 116, 117, 124, 125, 126, 132, 133, 134, 140, 141, 142, 143, 149, 153, 154, 155, 157, 159, 160, 161, 162, 165, 166, 169, 170, 171, 172, 173, 174, 175, 178, 179, 180, 181, 182, 183, 184, 186, 187, 188, 189, 190, 191, 192, 195, 196, 197, 198, 199, 202, 203, 204, 205, 206, 207, 208, 209, 212, 213, 214, 215, 216, 217, 218, 219, 222, 223, 224, 225, 226, 227, 228, 231, 232, 233, 235, 236, 237, 239, 240], "excluded_lines": []}, "": {"executed_lines": [], "summary": {"covered_lines": 0, "num_statements": 46, "percent_covered": 0.0, "percent_covered_display": "0", "missing_lines": 46, "excluded_lines": 0, "percent_statements_covered": 0.0, "percent_statements_covered_display": "0"}, "missing_lines": [13, 14, 15, 16, 17, 18, 21, 24, 35, 52, 56, 60, 65, 74, 78, 151, 244, 245, 248, 250, 251, 253, 254, 255, 256, 257, 259, 260, 261, 264, 265, 266, 267, 270, 272, 281, 282, 285, 286, 287, 290, 291, 293, 294, 295, 298], "excluded_lines": []}}}, "source/utils/performance.py": {"executed_lines": [1, 8, 9, 10, 11, 12, 13, 14, 15, 17, 20, 23, 24, 26, 27, 28, 29, 31, 32, 33, 35, 36, 37, 38, 40, 42, 43, 46, 47, 57, 58, 59, 62, 72, 73, 74, 75, 81, 89, 90, 93, 95, 96, 98, 101, 112, 114, 118, 119, 121, 124, 125, 126, 127, 128, 131, 132, 133, 134, 135, 137, 138], "summary": {"covered_lines": 60, "num_statements": 65, "percent_covered": 92.3076923076923, "percent_covered_display": "92", "missing_lines": 5, "excluded_lines": 0, "percent_statements_covered": 92.3076923076923, "percent_statements_covered_display": "92"}, "missing_lines": [76, 77, 78, 115, 116], "excluded_lines": [], "functions": {"PerformanceMeasurement.__init__": {"executed_lines": [27, 28, 29], "summary": {"covered_lines": 3, "num_statements": 3, "percent_covered": 100.0, "percent_covered_display": "100", "missing_lines": 0, "excluded_lines": 0, "percent_statements_covered": 100.0, "percent_statements_covered_display": "100"}, "missing_lines": [], "excluded_lines": []}, "PerformanceMeasurement.__enter__": {"executed_lines": [32, 33], "summary": {"covered_lines": 2, "num_statements": 2, "percent_covered": 100.0, "percent_covered_display": "100", "missing_lines": 0, "excluded_lines": 0, "percent_statements_covered": 100.0, "percent_statements_covered_display": "100"}, "missing_lines": [], "excluded_lines": []}, "PerformanceMeasurement.__exit__": {"executed_lines": [36, 37, 38], "summary": {"covered_lines": 3, "num_statements": 3, "percent_covered": 100.0, "percent_covered_display": "100", "missing_lines": 0, "excluded_lines": 0, "percent_statements_covered": 100.0, "percent_statements_covered_display": "100"}, "missing_lines": [], "excluded_lines": []}, "PerformanceMeasurement.log_metrics": {"executed_lines": [42, 43], "summary": {"covered_lines": 2, "num_statements": 2, "percent_covered": 100.0, "percent_covered_display": "100", "missing_lines": 0, "excluded_lines": 0, "percent_statements_covered": 100.0, "percent_statements_covered_display": "100"}, "missing_lines": [], "excluded_lines": []}, "measure_cycle_duration": {"executed_lines": [57, 58, 59], "summary": {"covered_lines": 3, "num_statements": 3, "percent_covered": 100.0, "percent_covered_display": "100", "missing_lines": 0, "excluded_lines": 0, "percent_statements_covered": 100.0, "percent_statements_covered_display": "100"}, "missing_lines": [], "excluded_lines": []}, "measure_network_payload": {"executed_lines": [72, 73, 74, 75], "summary": {"covered_lines": 4, "num_statements": 7, "percent_covered": 57.142857142857146, "percent_covered_display": "57", "missing_lines": 3, "excluded_lines": 0, "percent_statements_covered": 57.142857142857146, "percent_statements_covered_display": "57"}, "missing_lines": [76, 77, 78], "excluded_lines": []}, "capture_baseline": {"executed_lines": [89, 90, 93, 95, 96, 98], "summary": {"covered_lines": 6, "num_statements": 6, "percent_covered": 100.0, "percent_covered_display": "100", "missing_lines": 0, "excluded_lines": 0, "percent_statements_covered": 100.0, "percent_statements_covered_display": "100"}, "missing_lines": [], "excluded_lines": []}, "compare_to_baseline": {"executed_lines": [112, 114, 118, 119, 121, 124, 125, 126, 127, 128, 131, 132, 133, 134, 135, 137, 138], "summary": {"covered_lines": 17, "num_statements": 19, "percent_covered": 89.47368421052632, "percent_covered_display": "89", "missing_lines": 2, "excluded_lines": 0, "percent_statements_covered": 89.47368421052632, "percent_statements_covered_display": "89"}, "missing_lines": [115, 116], "excluded_lines": []}, "": {"executed_lines": [1, 8, 9, 10, 11, 12, 13, 14, 15, 17, 20, 23, 24, 26, 31, 35, 40, 46, 47, 62, 81, 101], "summary": {"covered_lines": 20, "num_statements": 20, "percent_covered": 100.0, "percent_covered_display": "100", "missing_lines": 0, "excluded_lines": 0, "percent_statements_covered": 100.0, "percent_statements_covered_display": "100"}, "missing_lines": [], "excluded_lines": []}}, "classes": {"PerformanceMeasurement": {"executed_lines": [27, 28, 29, 32, 33, 36, 37, 38, 42, 43], "summary": {"covered_lines": 10, "num_statements": 10, "percent_covered": 100.0, "percent_covered_display": "100", "missing_lines": 0, "excluded_lines": 0, "percent_statements_covered": 100.0, "percent_statements_covered_display": "100"}, "missing_lines": [], "excluded_lines": []}, "": {"executed_lines": [1, 8, 9, 10, 11, 12, 13, 14, 15, 17, 20, 23, 24, 26, 31, 35, 40, 46, 47, 57, 58, 59, 62, 72, 73, 74, 75, 81, 89, 90, 93, 95, 96, 98, 101, 112, 114, 118, 119, 121, 124, 125, 126, 127, 128, 131, 132, 133, 134, 135, 137, 138], "summary": {"covered_lines": 50, "num_statements": 55, "percent_covered": 90.9090909090909, "percent_covered_display": "91", "missing_lines": 5, "excluded_lines": 0, "percent_statements_covered": 90.9090909090909, "percent_statements_covered_display": "91"}, "missing_lines": [76, 77, 78, 115, 116], "excluded_lines": []}}}, "source/utils/retry.py": {"executed_lines": [1, 8, 9, 10, 11, 12, 13, 16, 19, 20, 21, 24, 25, 26, 29, 57, 59, 60, 61, 62, 64, 65, 66, 69, 70, 71, 75, 77, 79, 80, 83, 85, 86, 89, 90, 91, 92, 97, 99, 100, 104, 126, 127], "summary": {"covered_lines": 40, "num_statements": 52, "percent_covered": 76.92307692307692, "percent_covered_display": "77", "missing_lines": 12, "excluded_lines": 0, "percent_statements_covered": 76.92307692307692, "percent_statements_covered_display": "77"}, "missing_lines": [106, 108, 109, 112, 114, 115, 116, 117, 119, 120, 123, 124], "excluded_lines": [], "functions": {"retry_with_backoff": {"executed_lines": [57, 59, 60, 127], "summary": {"covered_lines": 4, "num_statements": 4, "percent_covered": 100.0, "percent_covered_display": "100", "missing_lines": 0, "excluded_lines": 0, "percent_statements_covered": 100.0, "percent_statements_covered_display": "100"}, "missing_lines": [], "excluded_lines": []}, "retry_with_backoff.decorator": {"executed_lines": [61, 126], "summary": {"covered_lines": 2, "num_statements": 2, "percent_covered": 100.0, "percent_covered_display": "100", "missing_lines": 0, "excluded_lines": 0, "percent_statements_covered": 100.0, "percent_statements_covered_display": "100"}, "missing_lines": [], "excluded_lines": []}, "retry_with_backoff.decorator.wrapper": {"executed_lines": [62, 64, 65, 66, 69, 70, 71, 75, 77, 79, 80, 83, 85, 86, 89, 90, 91, 92, 97, 99, 100, 104], "summary": {"covered_lines": 22, "num_statements": 34, "percent_covered": 64.70588235294117, "percent_covered_display": "65", "missing_lines": 12, "excluded_lines": 0, "percent_statements_covered": 64.70588235294117, "percent_statements_covered_display": "65"}, "missing_lines": [106, 108, 109, 112, 114, 115, 116, 117, 119, 120, 123, 124], "excluded_lines": []}, "": {"executed_lines": [1, 8, 9, 10, 11, 12, 13, 16, 19, 20, 21, 24, 25, 26, 29], "summary": {"covered_lines": 12, "num_statements": 12, "percent_covered": 100.0, "percent_covered_display": "100", "missing_lines": 0, "excluded_lines": 0, "percent_statements_covered": 100.0, "percent_statements_covered_display": "100"}, "missing_lines": [], "excluded_lines": []}}, "classes": {"TransientError": {"executed_lines": [], "summary": {"covered_lines": 0, "num_statements": 0, "percent_covered": 100.0, "percent_covered_display": "100", "missing_lines": 0, "excluded_lines": 0, "percent_statements_covered": 100.0, "percent_statements_covered_display": "100"}, "missing_lines": [], "excluded_lines": []}, "PermanentError": {"executed_lines": [], "summary": {"covered_lines": 0, "num_statements": 0, "percent_covered": 100.0, "percent_covered_display": "100", "missing_lines": 0, "excluded_lines": 0, "percent_statements_covered": 100.0, "percent_statements_covered_display": "100"}, "missing_lines": [], "excluded_lines": []}, "": {"executed_lines": [1, 8, 9, 10, 11, 12, 13, 16, 19, 20, 21, 24, 25, 26, 29, 57, 59, 60, 61, 62, 64, 65, 66, 69, 70, 71, 75, 77, 79, 80, 83, 85, 86, 89, 90, 91, 92, 97, 99, 100, 104, 126, 127], "summary": {"covered_lines": 40, "num_statements": 52, "percent_covered": 76.92307692307692, "percent_covered_display": "77", "missing_lines": 12, "excluded_lines": 0, "percent_statements_covered": 76.92307692307692, "percent_statements_covered_display": "77"}, "missing_lines": [106, 108, 109, 112, 114, 115, 116, 117, 119, 120, 123, 124], "excluded_lines": []}}}, "source/utils/structured_logger.py": {"executed_lines": [], "summary": {"covered_lines": 0, "num_statements": 53, "percent_covered": 0.0, "percent_covered_display": "0", "missing_lines": 53, "excluded_lines": 0, "percent_statements_covered": 0.0, "percent_statements_covered_display": "0"}, "missing_lines": [16, 17, 18, 19, 20, 23, 26, 34, 43, 44, 47, 48, 49, 52, 53, 55, 57, 59, 61, 63, 65, 66, 68, 75, 79, 82, 83, 84, 87, 88, 89, 90, 93, 94, 96, 98, 100, 102, 104, 106, 108, 110, 112, 114, 116, 120, 121, 127, 130, 131, 132, 133, 134], "excluded_lines": [], "functions": {"StructuredLogger.__init__": {"executed_lines": [], "summary": {"covered_lines": 0, "num_statements": 7, "percent_covered": 0.0, "percent_covered_display": "0", "missing_lines": 7, "excluded_lines": 0, "percent_statements_covered": 0.0, "percent_statements_covered_display": "0"}, "missing_lines": [43, 44, 47, 48, 49, 52, 53], "excluded_lines": []}, "StructuredLogger._should_log": {"executed_lines": [], "summary": {"covered_lines": 0, "num_statements": 1, "percent_covered": 0.0, "percent_covered_display": "0", "missing_lines": 1, "excluded_lines": 0, "percent_statements_covered": 0.0, "percent_statements_covered_display": "0"}, "missing_lines": [57], "excluded_lines": []}, "StructuredLogger._format_timestamp": {"executed_lines": [], "summary": {"covered_lines": 0, "num_statements": 1, "percent_covered": 0.0, "percent_covered_display": "0", "missing_lines": 1, "excluded_lines": 0, "percent_statements_covered": 0.0, "percent_statements_covered_display": "0"}, "missing_lines": [61], "excluded_lines": []}, "StructuredLogger._emit": {"executed_lines": [], "summary": {"covered_lines": 0, "num_statements": 15, "percent_covered": 0.0, "percent_covered_display": "0", "missing_lines": 15, "excluded_lines": 0, "percent_statements_covered": 0.0, "percent_statements_covered_display": "0"}, "missing_lines": [65, 66, 68, 75, 79, 82, 83, 84, 87, 88, 89, 90, 93, 94, 96], "excluded_lines": []}, "StructuredLogger.debug": {"executed_lines": [], "summary": {"covered_lines": 0, "num_statements": 1, "percent_covered": 0.0, "percent_covered_display": "0", "missing_lines": 1, "excluded_lines": 0, "percent_statements_covered": 0.0, "percent_statements_covered_display": "0"}, "missing_lines": [100], "excluded_lines": []}, "StructuredLogger.info": {"executed_lines": [], "summary": {"covered_lines": 0, "num_statements": 1, "percent_covered": 0.0, "percent_covered_display": "0", "missing_lines": 1, "excluded_lines": 0, "percent_statements_covered": 0.0, "percent_statements_covered_display": "0"}, "missing_lines": [104], "excluded_lines": []}, "StructuredLogger.warning": {"executed_lines": [], "summary": {"covered_lines": 0, "num_statements": 1, "percent_covered": 0.0, "percent_covered_display": "0", "missing_lines": 1, "excluded_lines": 0, "percent_statements_covered": 0.0, "percent_statements_covered_display": "0"}, "missing_lines": [108], "excluded_lines": []}, "StructuredLogger.error": {"executed_lines": [], "summary": {"covered_lines": 0, "num_statements": 1, "percent_covered": 0.0, "percent_covered_display": "0", "missing_lines": 1, "excluded_lines": 0, "percent_statements_covered": 0.0, "percent_statements_covered_display": "0"}, "missing_lines": [112], "excluded_lines": []}, "StructuredLogger.success": {"executed_lines": [], "summary": {"covered_lines": 0, "num_statements": 1, "percent_covered": 0.0, "percent_covered_display": "0", "missing_lines": 1, "excluded_lines": 0, "percent_statements_covered": 0.0, "percent_statements_covered_display": "0"}, "missing_lines": [116], "excluded_lines": []}, "": {"executed_lines": [], "summary": {"covered_lines": 0, "num_statements": 24, "percent_covered": 0.0, "percent_covered_display": "0", "missing_lines": 24, "excluded_lines": 0, "percent_statements_covered": 0.0, "percent_statements_covered_display": "0"}, "missing_lines": [16, 17, 18, 19, 20, 23, 26, 34, 55, 59, 63, 98, 102, 106, 110, 114, 120, 121, 127, 130, 131, 132, 133, 134], "excluded_lines": []}}, "classes": {"StructuredLogger": {"executed_lines": [], "summary": {"covered_lines": 0, "num_statements": 29, "percent_covered": 0.0, "percent_covered_display": "0", "missing_lines": 29, "excluded_lines": 0, "percent_statements_covered": 0.0, "percent_statements_covered_display": "0"}, "missing_lines": [43, 44, 47, 48, 49, 52, 53, 57, 61, 65, 66, 68, 75, 79, 82, 83, 84, 87, 88, 89, 90, 93, 94, 96, 100, 104, 108, 112, 116], "excluded_lines": []}, "": {"executed_lines": [], "summary": {"covered_lines": 0, "num_statements": 24, "percent_covered": 0.0, "percent_covered_display": "0", "missing_lines": 24, "excluded_lines": 0, "percent_statements_covered": 0.0, "percent_statements_covered_display": "0"}, "missing_lines": [16, 17, 18, 19, 20, 23, 26, 34, 55, 59, 63, 98, 102, 106, 110, 114, 120, 121, 127, 130, 131, 132, 133, 134], "excluded_lines": []}}}, "source/verify_setup.py": {"executed_lines": [], "summary": {"covered_lines": 0, "num_statements": 146, "percent_covered": 0.0, "percent_covered_display": "0", "missing_lines": 146, "excluded_lines": 0, "percent_statements_covered": 0.0, "percent_statements_covered_display": "0"}, "missing_lines": [23, 24, 25, 26, 27, 28, 29, 31, 32, 33, 34, 37, 41, 44, 47, 48, 49, 51, 58, 60, 61, 62, 63, 66, 74, 75, 76, 77, 79, 80, 81, 82, 84, 85, 86, 87, 88, 91, 92, 93, 95, 96, 97, 99, 100, 102, 103, 104, 106, 108, 110, 112, 113, 115, 116, 117, 118, 119, 122, 123, 125, 126, 129, 130, 132, 134, 136, 138, 139, 141, 142, 143, 144, 145, 148, 149, 150, 152, 154, 157, 158, 159, 160, 161, 162, 165, 166, 167, 169, 171, 174, 175, 176, 179, 180, 181, 182, 183, 184, 185, 187, 188, 190, 191, 193, 196, 197, 198, 199, 200, 201, 202, 205, 206, 209, 210, 212, 213, 215, 216, 218, 220, 221, 223, 226, 227, 230, 235, 236, 238, 239, 241, 242, 245, 247, 248, 249, 250, 251, 252, 253, 254, 255, 256, 259, 260], "excluded_lines": [], "functions": {"HealthCheck.__init__": {"executed_lines": [], "summary": {"covered_lines": 0, "num_statements": 2, "percent_covered": 0.0, "percent_covered_display": "0", "missing_lines": 2, "excluded_lines": 0, "percent_statements_covered": 0.0, "percent_statements_covered_display": "0"}, "missing_lines": [48, 49], "excluded_lines": []}, "HealthCheck.run_all_checks": {"executed_lines": [], "summary": {"covered_lines": 0, "num_statements": 31, "percent_covered": 0.0, "percent_covered_display": "0", "missing_lines": 31, "excluded_lines": 0, "percent_statements_covered": 0.0, "percent_statements_covered_display": "0"}, "missing_lines": [58, 60, 61, 62, 63, 66, 74, 75, 76, 77, 79, 80, 81, 82, 84, 85, 86, 87, 88, 91, 92, 93, 95, 96, 97, 99, 100, 102, 103, 104, 106], "excluded_lines": []}, "HealthCheck.check_config": {"executed_lines": [], "summary": {"covered_lines": 0, "num_statements": 15, "percent_covered": 0.0, "percent_covered_display": "0", "missing_lines": 15, "excluded_lines": 0, "percent_statements_covered": 0.0, "percent_statements_covered_display": "0"}, "missing_lines": [110, 112, 113, 115, 116, 117, 118, 119, 122, 123, 125, 126, 129, 130, 132], "excluded_lines": []}, "HealthCheck.check_secrets": {"executed_lines": [], "summary": {"covered_lines": 0, "num_statements": 12, "percent_covered": 0.0, "percent_covered_display": "0", "missing_lines": 12, "excluded_lines": 0, "percent_statements_covered": 0.0, "percent_statements_covered_display": "0"}, "missing_lines": [136, 138, 139, 141, 142, 143, 144, 145, 148, 149, 150, 152], "excluded_lines": []}, "HealthCheck.check_database": {"executed_lines": [], "summary": {"covered_lines": 0, "num_statements": 25, "percent_covered": 0.0, "percent_covered_display": "0", "missing_lines": 25, "excluded_lines": 0, "percent_statements_covered": 0.0, "percent_statements_covered_display": "0"}, "missing_lines": [157, 158, 159, 160, 161, 162, 165, 166, 167, 169, 171, 174, 175, 176, 179, 180, 181, 182, 183, 184, 185, 187, 188, 190, 191], "excluded_lines": []}, "HealthCheck.check_hue_bridge": {"executed_lines": [], "summary": {"covered_lines": 0, "num_statements": 28, "percent_covered": 0.0, "percent_covered_display": "0", "missing_lines": 28, "excluded_lines": 0, "percent_statements_covered": 0.0, "percent_statements_covered_display": "0"}, "missing_lines": [196, 197, 198, 199, 200, 201, 202, 205, 206, 209, 210, 212, 213, 215, 216, 218, 220, 221, 223, 226, 227, 230, 235, 236, 238, 239, 241, 242], "excluded_lines": []}, "main": {"executed_lines": [], "summary": {"covered_lines": 0, "num_statements": 10, "percent_covered": 0.0, "percent_covered_display": "0", "missing_lines": 10, "excluded_lines": 0, "percent_statements_covered": 0.0, "percent_statements_covered_display": "0"}, "missing_lines": [247, 248, 249, 250, 251, 252, 253, 254, 255, 256], "excluded_lines": []}, "": {"executed_lines": [], "summary": {"covered_lines": 0, "num_statements": 23, "percent_covered": 0.0, "percent_covered_display": "0", "missing_lines": 23, "excluded_lines": 0, "percent_statements_covered": 0.0, "percent_statements_covered_display": "0"}, "missing_lines": [23, 24, 25, 26, 27, 28, 29, 31, 32, 33, 34, 37, 41, 44, 47, 51, 108, 134, 154, 193, 245, 259, 260], "excluded_lines": []}}, "classes": {"HealthCheck": {"executed_lines": [], "summary": {"covered_lines": 0, "num_statements": 113, "percent_covered": 0.0, "percent_covered_display": "0", "missing_lines": 113, "excluded_lines": 0, "percent_statements_covered": 0.0, "percent_statements_covered_display": "0"}, "missing_lines": [48, 49, 58, 60, 61, 62, 63, 66, 74, 75, 76, 77, 79, 80, 81, 82, 84, 85, 86, 87, 88, 91, 92, 93, 95, 96, 97, 99, 100, 102, 103, 104, 106, 110, 112, 113, 115, 116, 117, 118, 119, 122, 123, 125, 126, 129, 130, 132, 136, 138, 139, 141, 142, 143, 144, 145, 148, 149, 150, 152, 157, 158, 159, 160, 161, 162, 165, 166, 167, 169, 171, 174, 175, 176, 179, 180, 181, 182, 183, 184, 185, 187, 188, 190, 191, 196, 197, 198, 199, 200, 201, 202, 205, 206, 209, 210, 212, 213, 215, 216, 218, 220, 221, 223, 226, 227, 230, 235, 236, 238, 239, 241, 242], "excluded_lines": []}, "": {"executed_lines": [], "summary": {"covered_lines": 0, "num_statements": 33, "percent_covered": 0.0, "percent_covered_display": "0", "missing_lines": 33, "excluded_lines": 0, "percent_statements_covered": 0.0, "percent_statements_covered_display": "0"}, "missing_lines": [23, 24, 25, 26, 27, 28, 29, 31, 32, 33, 34, 37, 41, 44, 47, 51, 108, 134, 154, 193, 245, 247, 248, 249, 250, 251, 252, 253, 254, 255, 256, 259, 260], "excluded_lines": []}}}}, "totals": {"covered_lines": 298, "num_statements": 2835, "percent_covered": 10.511463844797179, "percent_covered_display": "11", "missing_lines": 2537, "excluded_lines": 0, "percent_statements_covered": 10.511463844797179, "percent_statements_covered_display": "11"}}